{"name":"hexo","hostname":"codeAir.local","pid":5569,"level":20,"msg":"Hexo version: \u001b[35m3.7.1\u001b[39m","time":"2018-07-27T15:20:52.215Z","v":0}
{"name":"hexo","hostname":"codeAir.local","pid":5569,"level":20,"msg":"Working directory: \u001b[35m/Volumes/StorEDGE/project/codewalker_hexo/\u001b[39m","time":"2018-07-27T15:20:52.222Z","v":0}
{"name":"hexo","hostname":"codeAir.local","pid":5569,"level":20,"msg":"Config loaded: \u001b[35m/Volumes/StorEDGE/project/codewalker_hexo/_config.yml\u001b[39m","time":"2018-07-27T15:20:52.498Z","v":0}
{"name":"hexo","hostname":"codeAir.local","pid":5569,"level":20,"msg":"Plugin loaded: \u001b[35mhexo-baidu-url-submit\u001b[39m","time":"2018-07-27T15:20:52.581Z","v":0}
{"name":"hexo","hostname":"codeAir.local","pid":5569,"level":20,"msg":"Plugin loaded: \u001b[35mhexo-deployer-git\u001b[39m","time":"2018-07-27T15:20:52.682Z","v":0}
{"name":"hexo","hostname":"codeAir.local","pid":5569,"level":20,"msg":"Plugin loaded: \u001b[35mhexo-generator-archive\u001b[39m","time":"2018-07-27T15:20:52.694Z","v":0}
{"name":"hexo","hostname":"codeAir.local","pid":5569,"level":20,"msg":"Plugin loaded: \u001b[35mhexo-generator-baidu-sitemap\u001b[39m","time":"2018-07-27T15:20:52.711Z","v":0}
{"name":"hexo","hostname":"codeAir.local","pid":5569,"level":20,"msg":"Plugin loaded: \u001b[35mhexo-generator-category\u001b[39m","time":"2018-07-27T15:20:52.716Z","v":0}
{"name":"hexo","hostname":"codeAir.local","pid":5569,"level":20,"msg":"Plugin loaded: \u001b[35mhexo-generator-feed\u001b[39m","time":"2018-07-27T15:20:52.725Z","v":0}
{"name":"hexo","hostname":"codeAir.local","pid":5569,"level":20,"msg":"Plugin loaded: \u001b[35mhexo-generator-index\u001b[39m","time":"2018-07-27T15:20:52.727Z","v":0}
{"name":"hexo","hostname":"codeAir.local","pid":5569,"level":20,"msg":"Plugin loaded: \u001b[35mhexo-generator-search\u001b[39m","time":"2018-07-27T15:20:52.729Z","v":0}
{"name":"hexo","hostname":"codeAir.local","pid":5569,"level":20,"msg":"Plugin loaded: \u001b[35mhexo-generator-sitemap\u001b[39m","time":"2018-07-27T15:20:52.735Z","v":0}
{"name":"hexo","hostname":"codeAir.local","pid":5569,"level":20,"msg":"Plugin loaded: \u001b[35mhexo-generator-tag\u001b[39m","time":"2018-07-27T15:20:52.738Z","v":0}
{"name":"hexo","hostname":"codeAir.local","pid":5569,"level":20,"msg":"Plugin loaded: \u001b[35mhexo-migrator-wordpress\u001b[39m","time":"2018-07-27T15:20:54.372Z","v":0}
{"name":"hexo","hostname":"codeAir.local","pid":5569,"level":20,"msg":"Plugin loaded: \u001b[35mhexo-renderer-ejs\u001b[39m","time":"2018-07-27T15:20:54.382Z","v":0}
{"name":"hexo","hostname":"codeAir.local","pid":5569,"level":20,"msg":"Plugin loaded: \u001b[35mhexo-renderer-marked\u001b[39m","time":"2018-07-27T15:20:54.393Z","v":0}
{"name":"hexo","hostname":"codeAir.local","pid":5569,"level":20,"msg":"Plugin loaded: \u001b[35mhexo-renderer-stylus\u001b[39m","time":"2018-07-27T15:20:54.396Z","v":0}
{"name":"hexo","hostname":"codeAir.local","pid":5569,"level":20,"msg":"Plugin loaded: \u001b[35mhexo-server\u001b[39m","time":"2018-07-27T15:20:54.542Z","v":0}
{"name":"hexo","hostname":"codeAir.local","pid":5569,"level":20,"msg":"Plugin loaded: \u001b[35mhexo-wordcount\u001b[39m","time":"2018-07-27T15:20:54.696Z","v":0}
{"name":"hexo","hostname":"codeAir.local","pid":5569,"level":20,"msg":"Loading database.","time":"2018-07-27T15:20:54.726Z","v":0}
{"name":"hexo","hostname":"codeAir.local","pid":5569,"level":30,"msg":"Start processing","time":"2018-07-27T15:20:54.747Z","v":0}
{"name":"hexo","hostname":"codeAir.local","pid":5569,"level":20,"msg":"Processed: \u001b[35mCNAME\u001b[39m","time":"2018-07-27T15:20:54.885Z","v":0}
{"name":"hexo","hostname":"codeAir.local","pid":5569,"level":20,"msg":"Processed: \u001b[35mREADME.mdown\u001b[39m","time":"2018-07-27T15:20:54.886Z","v":0}
{"name":"hexo","hostname":"codeAir.local","pid":5569,"level":20,"msg":"Processed: \u001b[35mbaidu_verify_m9RASaMa7k.html\u001b[39m","time":"2018-07-27T15:20:54.886Z","v":0}
{"name":"hexo","hostname":"codeAir.local","pid":5569,"level":20,"msg":"Processed: \u001b[35mdebug.log\u001b[39m","time":"2018-07-27T15:20:54.896Z","v":0}
{"name":"hexo","hostname":"codeAir.local","pid":5569,"level":20,"msg":"Processed: \u001b[35mimg/avatar.jpg\u001b[39m","time":"2018-07-27T15:20:55.227Z","v":0}
{"name":"hexo","hostname":"codeAir.local","pid":5569,"level":20,"msg":"Processed: \u001b[35mimg/donate.jpg\u001b[39m","time":"2018-07-27T15:20:55.256Z","v":0}
{"name":"hexo","hostname":"codeAir.local","pid":5569,"level":20,"msg":"Theme config loaded.","time":"2018-07-27T15:20:55.264Z","v":0}
{"name":"hexo","hostname":"codeAir.local","pid":5569,"level":20,"msg":"Processed: \u001b[35m_config.yml\u001b[39m","time":"2018-07-27T15:20:55.265Z","v":0}
{"name":"hexo","hostname":"codeAir.local","pid":5569,"level":20,"msg":"Processed: \u001b[35mdownloads/code/base_socket_client.py\u001b[39m","time":"2018-07-27T15:20:55.265Z","v":0}
{"name":"hexo","hostname":"codeAir.local","pid":5569,"level":20,"msg":"Processed: \u001b[35mdownloads/code/base_socket_server.py\u001b[39m","time":"2018-07-27T15:20:55.266Z","v":0}
{"name":"hexo","hostname":"codeAir.local","pid":5569,"level":20,"msg":"Processed: \u001b[35mdownloads/code/first_module.py\u001b[39m","time":"2018-07-27T15:20:55.266Z","v":0}
{"name":"hexo","hostname":"codeAir.local","pid":5569,"level":20,"msg":"Processed: \u001b[35mdownloads/code/knowing_descriptor_1.py\u001b[39m","time":"2018-07-27T15:20:55.267Z","v":0}
{"name":"hexo","hostname":"codeAir.local","pid":5569,"level":20,"msg":"Processed: \u001b[35mdownloads/code/knowing_mro.py\u001b[39m","time":"2018-07-27T15:20:55.267Z","v":0}
{"name":"hexo","hostname":"codeAir.local","pid":5569,"level":20,"msg":"Processed: \u001b[35mdownloads/code/knowing_templete.py\u001b[39m","time":"2018-07-27T15:20:55.267Z","v":0}
{"name":"hexo","hostname":"codeAir.local","pid":5569,"level":20,"msg":"Processed: \u001b[35mdownloads/code/property_sugar.py\u001b[39m","time":"2018-07-27T15:20:55.268Z","v":0}
{"name":"hexo","hostname":"codeAir.local","pid":5569,"level":20,"msg":"Processed: \u001b[35mdownloads/code/second_module.py\u001b[39m","time":"2018-07-27T15:20:55.268Z","v":0}
{"name":"hexo","hostname":"codeAir.local","pid":5569,"level":20,"msg":"Processed: \u001b[35msource/js/index.js\u001b[39m","time":"2018-07-27T15:20:55.272Z","v":0}
{"name":"hexo","hostname":"codeAir.local","pid":5569,"level":20,"msg":"Processed: \u001b[35msource/css/aircloud.css\u001b[39m","time":"2018-07-27T15:20:55.272Z","v":0}
{"name":"hexo","hostname":"codeAir.local","pid":5569,"level":20,"msg":"Processed: \u001b[35msource/css/aircloud.less\u001b[39m","time":"2018-07-27T15:20:55.273Z","v":0}
{"name":"hexo","hostname":"codeAir.local","pid":5569,"level":20,"msg":"Processed: \u001b[35msource/css/gitment.css\u001b[39m","time":"2018-07-27T15:20:55.273Z","v":0}
{"name":"hexo","hostname":"codeAir.local","pid":5569,"level":20,"msg":"Processed: \u001b[35mlayout/catagory.ejs\u001b[39m","time":"2018-07-27T15:20:55.294Z","v":0}
{"name":"hexo","hostname":"codeAir.local","pid":5569,"level":20,"msg":"Processed: \u001b[35mlayout/page.ejs\u001b[39m","time":"2018-07-27T15:20:55.295Z","v":0}
{"name":"hexo","hostname":"codeAir.local","pid":5569,"level":20,"msg":"Processed: \u001b[35mabout/index.md\u001b[39m","time":"2018-07-27T15:20:55.312Z","v":0}
{"name":"hexo","hostname":"codeAir.local","pid":5569,"level":20,"msg":"Processed: \u001b[35m_posts/20160417.md\u001b[39m","time":"2018-07-27T15:20:55.315Z","v":0}
{"name":"hexo","hostname":"codeAir.local","pid":5569,"level":20,"msg":"Processed: \u001b[35m_drafts/Knowing-Templates-in-Python.md\u001b[39m","time":"2018-07-27T15:20:55.315Z","v":0}
{"name":"hexo","hostname":"codeAir.local","pid":5569,"level":20,"msg":"Processed: \u001b[35mlayout/about.ejs\u001b[39m","time":"2018-07-27T15:20:55.398Z","v":0}
{"name":"hexo","hostname":"codeAir.local","pid":5569,"level":20,"msg":"Processed: \u001b[35mlayout/.DS_Store\u001b[39m","time":"2018-07-27T15:20:55.398Z","v":0}
{"name":"hexo","hostname":"codeAir.local","pid":5569,"level":20,"msg":"Processed: \u001b[35mlayout/404.ejs\u001b[39m","time":"2018-07-27T15:20:55.398Z","v":0}
{"name":"hexo","hostname":"codeAir.local","pid":5569,"level":20,"msg":"Processed: \u001b[35mlayout/index.ejs\u001b[39m","time":"2018-07-27T15:20:55.398Z","v":0}
{"name":"hexo","hostname":"codeAir.local","pid":5569,"level":20,"msg":"Processed: \u001b[35mlayout/archive.ejs\u001b[39m","time":"2018-07-27T15:20:55.399Z","v":0}
{"name":"hexo","hostname":"codeAir.local","pid":5569,"level":20,"msg":"Processed: \u001b[35mlayout/layout.ejs\u001b[39m","time":"2018-07-27T15:20:55.399Z","v":0}
{"name":"hexo","hostname":"codeAir.local","pid":5569,"level":20,"msg":"Processed: \u001b[35mlayout/post.ejs\u001b[39m","time":"2018-07-27T15:20:55.399Z","v":0}
{"name":"hexo","hostname":"codeAir.local","pid":5569,"level":20,"msg":"Processed: \u001b[35mlayout/tags.ejs\u001b[39m","time":"2018-07-27T15:20:55.399Z","v":0}
{"name":"hexo","hostname":"codeAir.local","pid":5569,"level":20,"msg":"Processed: \u001b[35mcategories/index.md\u001b[39m","time":"2018-07-27T15:20:55.411Z","v":0}
{"name":"hexo","hostname":"codeAir.local","pid":5569,"level":20,"msg":"Processed: \u001b[35mtags/index.md\u001b[39m","time":"2018-07-27T15:20:55.414Z","v":0}
{"name":"hexo","hostname":"codeAir.local","pid":5569,"level":20,"msg":"Processed: \u001b[35mdownloads/code/multitask/asyncio_1.py\u001b[39m","time":"2018-07-27T15:20:55.420Z","v":0}
{"name":"hexo","hostname":"codeAir.local","pid":5569,"level":20,"msg":"Processed: \u001b[35m_posts/500ampnbspvsftpd.md\u001b[39m","time":"2018-07-27T15:20:55.422Z","v":0}
{"name":"hexo","hostname":"codeAir.local","pid":5569,"level":20,"msg":"Processed: \u001b[35mdownloads/code/multitask/asyncio_2.py\u001b[39m","time":"2018-07-27T15:20:55.422Z","v":0}
{"name":"hexo","hostname":"codeAir.local","pid":5569,"level":20,"msg":"Processed: \u001b[35m_posts/Baidu-seo.md\u001b[39m","time":"2018-07-27T15:20:55.425Z","v":0}
{"name":"hexo","hostname":"codeAir.local","pid":5569,"level":20,"msg":"Processed: \u001b[35mdownloads/code/multitask/asyncio_3.py\u001b[39m","time":"2018-07-27T15:20:55.425Z","v":0}
{"name":"hexo","hostname":"codeAir.local","pid":5569,"level":20,"msg":"Processed: \u001b[35mdownloads/code/multitask/asyncio_4.py\u001b[39m","time":"2018-07-27T15:20:55.427Z","v":0}
{"name":"hexo","hostname":"codeAir.local","pid":5569,"level":20,"msg":"Processed: \u001b[35mdownloads/code/multitask/asyncio_download.py\u001b[39m","time":"2018-07-27T15:20:55.429Z","v":0}
{"name":"hexo","hostname":"codeAir.local","pid":5569,"level":20,"msg":"Processed: \u001b[35m_posts/Knowing-descriptor-in-Python.md\u001b[39m","time":"2018-07-27T15:20:55.431Z","v":0}
{"name":"hexo","hostname":"codeAir.local","pid":5569,"level":20,"msg":"Processed: \u001b[35mdownloads/code/multitask/asyncio_task.py\u001b[39m","time":"2018-07-27T15:20:55.431Z","v":0}
{"name":"hexo","hostname":"codeAir.local","pid":5569,"level":20,"msg":"Processed: \u001b[35mdownloads/code/multitask/multiprocessing_1.py\u001b[39m","time":"2018-07-27T15:20:55.433Z","v":0}
{"name":"hexo","hostname":"codeAir.local","pid":5569,"level":20,"msg":"Processed: \u001b[35m_posts/Knowing-python3-socket-deeply.md\u001b[39m","time":"2018-07-27T15:20:55.433Z","v":0}
{"name":"hexo","hostname":"codeAir.local","pid":5569,"level":20,"msg":"Processed: \u001b[35mdownloads/code/multitask/multiprocessing_2.py\u001b[39m","time":"2018-07-27T15:20:55.439Z","v":0}
{"name":"hexo","hostname":"codeAir.local","pid":5569,"level":20,"msg":"Processed: \u001b[35mdownloads/code/multitask/poll_1.py\u001b[39m","time":"2018-07-27T15:20:55.441Z","v":0}
{"name":"hexo","hostname":"codeAir.local","pid":5569,"level":20,"msg":"Processed: \u001b[35mdownloads/code/multitask/queue_1.py\u001b[39m","time":"2018-07-27T15:20:55.444Z","v":0}
{"name":"hexo","hostname":"codeAir.local","pid":5569,"level":20,"msg":"Processed: \u001b[35m_posts/Knowing-descriptor-in-Python-2.md\u001b[39m","time":"2018-07-27T15:20:55.445Z","v":0}
{"name":"hexo","hostname":"codeAir.local","pid":5569,"level":20,"msg":"Processed: \u001b[35mdownloads/code/multitask/queue_joinable_1.py\u001b[39m","time":"2018-07-27T15:20:55.446Z","v":0}
{"name":"hexo","hostname":"codeAir.local","pid":5569,"level":20,"msg":"Processed: \u001b[35mdownloads/code/multitask/subprocess_1.py\u001b[39m","time":"2018-07-27T15:20:55.449Z","v":0}
{"name":"hexo","hostname":"codeAir.local","pid":5569,"level":20,"msg":"Processed: \u001b[35m_posts/about-rhce-and-rhcsa.md\u001b[39m","time":"2018-07-27T15:20:55.451Z","v":0}
{"name":"hexo","hostname":"codeAir.local","pid":5569,"level":20,"msg":"Processed: \u001b[35m_posts/about-quelqu39un-personne-quelque-shose-rien.md\u001b[39m","time":"2018-07-27T15:20:55.454Z","v":0}
{"name":"hexo","hostname":"codeAir.local","pid":5569,"level":20,"msg":"Processed: \u001b[35msource/js/gitment.js\u001b[39m","time":"2018-07-27T15:20:55.457Z","v":0}
{"name":"hexo","hostname":"codeAir.local","pid":5569,"level":20,"msg":"Processed: \u001b[35m_posts/378.md\u001b[39m","time":"2018-07-27T15:20:55.458Z","v":0}
{"name":"hexo","hostname":"codeAir.local","pid":5569,"level":20,"msg":"Processed: \u001b[35m_posts/Why-there-are-only-request-response-model-but-how-to-explain-push.md\u001b[39m","time":"2018-07-27T15:20:55.462Z","v":0}
{"name":"hexo","hostname":"codeAir.local","pid":5569,"level":20,"msg":"Processed: \u001b[35m_posts/about-centos63-in-kvm.md\u001b[39m","time":"2018-07-27T15:20:55.464Z","v":0}
{"name":"hexo","hostname":"codeAir.local","pid":5569,"level":20,"msg":"Processed: \u001b[35m_posts/are-you-scare.md\u001b[39m","time":"2018-07-27T15:20:55.467Z","v":0}
{"name":"hexo","hostname":"codeAir.local","pid":5569,"level":20,"msg":"Processed: \u001b[35m_posts/about-demander.md\u001b[39m","time":"2018-07-27T15:20:55.467Z","v":0}
{"name":"hexo","hostname":"codeAir.local","pid":5569,"level":20,"msg":"Processed: \u001b[35m_posts/bash-e8-84-9a-e6-9c-ac-e4-b9-8b-e5-a4-87-e4-bb-bd.md\u001b[39m","time":"2018-07-27T15:20:55.479Z","v":0}
{"name":"hexo","hostname":"codeAir.local","pid":5569,"level":20,"msg":"Processed: \u001b[35m_posts/Know-Mixin-in-Python.md\u001b[39m","time":"2018-07-27T15:20:55.481Z","v":0}
{"name":"hexo","hostname":"codeAir.local","pid":5569,"level":20,"msg":"Processed: \u001b[35m_posts/about-github-two.md\u001b[39m","time":"2018-07-27T15:20:55.483Z","v":0}
{"name":"hexo","hostname":"codeAir.local","pid":5569,"level":20,"msg":"Processed: \u001b[35m_posts/about-github.md\u001b[39m","time":"2018-07-27T15:20:55.485Z","v":0}
{"name":"hexo","hostname":"codeAir.local","pid":5569,"level":20,"msg":"Processed: \u001b[35m_posts/about-netctl.md\u001b[39m","time":"2018-07-27T15:20:55.491Z","v":0}
{"name":"hexo","hostname":"codeAir.local","pid":5569,"level":20,"msg":"Processed: \u001b[35m_posts/cannt-sync-iphone-photos.md\u001b[39m","time":"2018-07-27T15:20:55.496Z","v":0}
{"name":"hexo","hostname":"codeAir.local","pid":5569,"level":20,"msg":"Processed: \u001b[35m_posts/conkyrc-configuration-file.md\u001b[39m","time":"2018-07-27T15:20:55.498Z","v":0}
{"name":"hexo","hostname":"codeAir.local","pid":5569,"level":20,"msg":"Processed: \u001b[35m_posts/count-workdays-py.md\u001b[39m","time":"2018-07-27T15:20:55.500Z","v":0}
{"name":"hexo","hostname":"codeAir.local","pid":5569,"level":20,"msg":"Processed: \u001b[35m_posts/cover-jks-to-pem-using-key-tool.md\u001b[39m","time":"2018-07-27T15:20:55.505Z","v":0}
{"name":"hexo","hostname":"codeAir.local","pid":5569,"level":20,"msg":"Processed: \u001b[35m_posts/cats-can-not-eat-the-food.md\u001b[39m","time":"2018-07-27T15:20:55.508Z","v":0}
{"name":"hexo","hostname":"codeAir.local","pid":5569,"level":20,"msg":"Processed: \u001b[35m_posts/about-python-class.md\u001b[39m","time":"2018-07-27T15:20:55.510Z","v":0}
{"name":"hexo","hostname":"codeAir.local","pid":5569,"level":20,"msg":"Processed: \u001b[35m_posts/about-syslog-ng.md\u001b[39m","time":"2018-07-27T15:20:55.511Z","v":0}
{"name":"hexo","hostname":"codeAir.local","pid":5569,"level":20,"msg":"Processed: \u001b[35m_posts/about-systemd-in-kvm-guest-virtual-machine-network-problems.md\u001b[39m","time":"2018-07-27T15:20:55.513Z","v":0}
{"name":"hexo","hostname":"codeAir.local","pid":5569,"level":20,"msg":"Processed: \u001b[35m_posts/about-en-y.md\u001b[39m","time":"2018-07-27T15:20:55.514Z","v":0}
{"name":"hexo","hostname":"codeAir.local","pid":5569,"level":20,"msg":"Processed: \u001b[35m_posts/dont-be-evil.md\u001b[39m","time":"2018-07-27T15:20:55.516Z","v":0}
{"name":"hexo","hostname":"codeAir.local","pid":5569,"level":20,"msg":"Processed: \u001b[35m_posts/e4-b8-80-e9-80-9a-e7-94-b5-e8-af-9d-e5-90-8e-e7-9a-84-e6-84-9f-e6-83-b3.md\u001b[39m","time":"2018-07-27T15:20:55.531Z","v":0}
{"name":"hexo","hostname":"codeAir.local","pid":5569,"level":20,"msg":"Processed: \u001b[35m_posts/download-files-and-transcoding-then-mailing-them-all-automatically-3.md\u001b[39m","time":"2018-07-27T15:20:55.537Z","v":0}
{"name":"hexo","hostname":"codeAir.local","pid":5569,"level":20,"msg":"Processed: \u001b[35m_posts/anything-about-destoon.md\u001b[39m","time":"2018-07-27T15:20:55.539Z","v":0}
{"name":"hexo","hostname":"codeAir.local","pid":5569,"level":20,"msg":"Processed: \u001b[35m_posts/e5-a6-82-e4-bd-95-e7-9c-8b-e5-be-85-e3-80-8c-e9-92-b1-e4-b8-8d-e6-98-af-e7-9c-81-e5-87-ba-e6-9d-a5-e7-9a-84-e3-80-8d-e8-bf-99-e5-8f-a5-e8-af-9d-ef-bc-9f.md\u001b[39m","time":"2018-07-27T15:20:55.546Z","v":0}
{"name":"hexo","hostname":"codeAir.local","pid":5569,"level":20,"msg":"Processed: \u001b[35m_posts/about-the-order-of-class-in-python.md\u001b[39m","time":"2018-07-27T15:20:55.546Z","v":0}
{"name":"hexo","hostname":"codeAir.local","pid":5569,"level":20,"msg":"Processed: \u001b[35m_posts/e6-88-90-e9-95-bf-e6-98-af-e4-b8-80-e5-9c-ba-e5-86-92-e9-99-a9.md\u001b[39m","time":"2018-07-27T15:20:55.548Z","v":0}
{"name":"hexo","hostname":"codeAir.local","pid":5569,"level":20,"msg":"Processed: \u001b[35m_posts/archlinuxampnbspkvm.md\u001b[39m","time":"2018-07-27T15:20:55.549Z","v":0}
{"name":"hexo","hostname":"codeAir.local","pid":5569,"level":20,"msg":"Processed: \u001b[35m_posts/e7-bd-91-e5-8d-a1-e5-90-8d-e4-bf-ae-e6-ad-a3.md\u001b[39m","time":"2018-07-27T15:20:55.550Z","v":0}
{"name":"hexo","hostname":"codeAir.local","pid":5569,"level":20,"msg":"Processed: \u001b[35m_posts/e7-bd-97-e6-b0-b8-e6-b5-a9-ef-bc-9a-e6-af-8f-e4-b8-80-e4-b8-aa-e7-94-9f-e5-91-bd-e6-9d-a5-e5-88-b0-e4-b8-96-e9-97-b4-e9-83-bd-e6-b3-a8-e5-ae-9a-e6-94-b9-e5-8f-98-e4-b8-96-e7-95-8c-ef-bc-88-e4-b8-8d.md\u001b[39m","time":"2018-07-27T15:20:55.556Z","v":0}
{"name":"hexo","hostname":"codeAir.local","pid":5569,"level":20,"msg":"Processed: \u001b[35m_posts/e8-ae-b0-2013.md\u001b[39m","time":"2018-07-27T15:20:55.559Z","v":0}
{"name":"hexo","hostname":"codeAir.local","pid":5569,"level":20,"msg":"Processed: \u001b[35m_posts/e8-ae-b0-2014.md\u001b[39m","time":"2018-07-27T15:20:55.561Z","v":0}
{"name":"hexo","hostname":"codeAir.local","pid":5569,"level":20,"msg":"Processed: \u001b[35m_posts/e8-ae-b0-2016-e8-bf-99-e4-b8-8d-e6-98-af-e5-b9-b4-e6-80-bb-e7-bb-93.md\u001b[39m","time":"2018-07-27T15:20:55.564Z","v":0}
{"name":"hexo","hostname":"codeAir.local","pid":5569,"level":20,"msg":"Processed: \u001b[35m_posts/e8-b0-88-e8-b0-88-e3-80-8c-e8-81-8a-e5-a4-a9-e3-80-8d-e9-82-a3-e4-ba-9b-e4-ba-8b-e5-84-bf.md\u001b[39m","time":"2018-07-27T15:20:55.567Z","v":0}
{"name":"hexo","hostname":"codeAir.local","pid":5569,"level":20,"msg":"Processed: \u001b[35m_posts/e8-bd-ac-e8-bd-bd-e5-88-9b-e4-b8-9a-e7-9a-84-e9-a6-96-e8-a6-81-e9-97-ae-e9-a2-98.md\u001b[39m","time":"2018-07-27T15:20:55.569Z","v":0}
{"name":"hexo","hostname":"codeAir.local","pid":5569,"level":20,"msg":"Processed: \u001b[35m_posts/bash-e5-ae-9e-e7-8e-b0rename.md\u001b[39m","time":"2018-07-27T15:20:55.574Z","v":0}
{"name":"hexo","hostname":"codeAir.local","pid":5569,"level":20,"msg":"Processed: \u001b[35m_posts/errorampnbspshell-init.md\u001b[39m","time":"2018-07-27T15:20:55.579Z","v":0}
{"name":"hexo","hostname":"codeAir.local","pid":5569,"level":20,"msg":"Processed: \u001b[35m_posts/euxampnbspnousampnbspaiment.md\u001b[39m","time":"2018-07-27T15:20:55.581Z","v":0}
{"name":"hexo","hostname":"codeAir.local","pid":5569,"level":20,"msg":"Processed: \u001b[35m_posts/fadada-e6-b3-95-e5-a4-a7-e5-a4-a7-sucks-ef-bc-81-ef-bc-81-ef-bc-81.md\u001b[39m","time":"2018-07-27T15:20:55.585Z","v":0}
{"name":"hexo","hostname":"codeAir.local","pid":5569,"level":20,"msg":"Processed: \u001b[35m_posts/fetchmail-command-line-mail-client.md\u001b[39m","time":"2018-07-27T15:20:55.589Z","v":0}
{"name":"hexo","hostname":"codeAir.local","pid":5569,"level":20,"msg":"Processed: \u001b[35m_posts/bash-e8-84-9a-e6-9c-ac-e4-b9-8b-e7-ae-a1-e7-90-86web-server.md\u001b[39m","time":"2018-07-27T15:20:55.591Z","v":0}
{"name":"hexo","hostname":"codeAir.local","pid":5569,"level":20,"msg":"Processed: \u001b[35m_posts/fix-unzip-the-garbage-problem.md\u001b[39m","time":"2018-07-27T15:20:55.597Z","v":0}
{"name":"hexo","hostname":"codeAir.local","pid":5569,"level":20,"msg":"Processed: \u001b[35m_posts/bashampnbspscriptampnbspforampnbspautoampnbspinstallampnbsppptpdampnbspserver.md\u001b[39m","time":"2018-07-27T15:20:55.597Z","v":0}
{"name":"hexo","hostname":"codeAir.local","pid":5569,"level":20,"msg":"Processed: \u001b[35m_posts/fix-when-ssh-shows-you-host-key-verification-failed.md\u001b[39m","time":"2018-07-27T15:20:55.598Z","v":0}
{"name":"hexo","hostname":"codeAir.local","pid":5569,"level":20,"msg":"Processed: \u001b[35m_posts/bsah-e8-84-9a-e6-9c-ac-e4-b9-8b-e6-a3-80-e6-9f-a5-e7-bd-91-e7-ab-99-e5-8f-af-e7-94-a8-e6-80-a7.md\u001b[39m","time":"2018-07-27T15:20:55.602Z","v":0}
{"name":"hexo","hostname":"codeAir.local","pid":5569,"level":20,"msg":"Processed: \u001b[35m_posts/cannot-install-cocoa-pods-it-shows-me-e3-80-8cerror-while-executing-gem-errnoeperm-operation-not-permitted-usrbinpod-e3-80-8d.md\u001b[39m","time":"2018-07-27T15:20:55.717Z","v":0}
{"name":"hexo","hostname":"codeAir.local","pid":5569,"level":20,"msg":"Processed: \u001b[35m_posts/fix-when-you-got-an-error-e3-80-8cformulae-found-in-multiple-taps-e3-80-8dwith-brew.md\u001b[39m","time":"2018-07-27T15:20:55.721Z","v":0}
{"name":"hexo","hostname":"codeAir.local","pid":5569,"level":20,"msg":"Processed: \u001b[35m_posts/bash-e8-84-9a-e6-9c-ac-e4-b9-8b-e6-89-b9-e9-87-8f-e5-af-bc-e5-85-a5sql-e6-96-87-e4-bb-b6-e5-88-b0mysql-e4-b8-ad.md\u001b[39m","time":"2018-07-27T15:20:55.724Z","v":0}
{"name":"hexo","hostname":"codeAir.local","pid":5569,"level":20,"msg":"Processed: \u001b[35m_posts/french-grammar-french-relative-clauses.md\u001b[39m","time":"2018-07-27T15:20:55.726Z","v":0}
{"name":"hexo","hostname":"codeAir.local","pid":5569,"level":20,"msg":"Processed: \u001b[35m_posts/french-grammar-summary-1-tense-articles.md\u001b[39m","time":"2018-07-27T15:20:55.728Z","v":0}
{"name":"hexo","hostname":"codeAir.local","pid":5569,"level":20,"msg":"Processed: \u001b[35m_posts/french-grammar-summary-2-article-articles.md\u001b[39m","time":"2018-07-27T15:20:55.729Z","v":0}
{"name":"hexo","hostname":"codeAir.local","pid":5569,"level":20,"msg":"Processed: \u001b[35m_posts/Knowing-property-in-python.md\u001b[39m","time":"2018-07-27T15:20:55.749Z","v":0}
{"name":"hexo","hostname":"codeAir.local","pid":5569,"level":20,"msg":"Processed: \u001b[35m_posts/french-grammar-summary-3-pronouns-articles.md\u001b[39m","time":"2018-07-27T15:20:55.754Z","v":0}
{"name":"hexo","hostname":"codeAir.local","pid":5569,"level":20,"msg":"Processed: \u001b[35m_posts/french-tout-toute-tous-toutes-analysis-of-speech-and-usage.md\u001b[39m","time":"2018-07-27T15:20:55.757Z","v":0}
{"name":"hexo","hostname":"codeAir.local","pid":5569,"level":20,"msg":"Processed: \u001b[35m_posts/catampnbspetcnginxconfnginxconf.md\u001b[39m","time":"2018-07-27T15:20:55.759Z","v":0}
{"name":"hexo","hostname":"codeAir.local","pid":5569,"level":20,"msg":"Processed: \u001b[35m_posts/french-verb-direct-object-pronouns-indirect-object-pronouns-pronouns.md\u001b[39m","time":"2018-07-27T15:20:55.760Z","v":0}
{"name":"hexo","hostname":"codeAir.local","pid":5569,"level":20,"msg":"Processed: \u001b[35m_posts/fstab.md\u001b[39m","time":"2018-07-27T15:20:55.762Z","v":0}
{"name":"hexo","hostname":"codeAir.local","pid":5569,"level":20,"msg":"Processed: \u001b[35m_posts/hello-double-seven-festival.md\u001b[39m","time":"2018-07-27T15:20:55.764Z","v":0}
{"name":"hexo","hostname":"codeAir.local","pid":5569,"level":20,"msg":"Processed: \u001b[35m_posts/archlinux-aur-modify-local-installation-source-download-source-pkgbuild.md\u001b[39m","time":"2018-07-27T15:20:55.764Z","v":0}
{"name":"hexo","hostname":"codeAir.local","pid":5569,"level":20,"msg":"Processed: \u001b[35m_posts/hailstone-python-alogorithm.md\u001b[39m","time":"2018-07-27T15:20:55.765Z","v":0}
{"name":"hexo","hostname":"codeAir.local","pid":5569,"level":20,"msg":"Processed: \u001b[35m_posts/how-do-i-strike-the-balance-between-confidence-and-arrogance.md\u001b[39m","time":"2018-07-27T15:20:55.774Z","v":0}
{"name":"hexo","hostname":"codeAir.local","pid":5569,"level":20,"msg":"Processed: \u001b[35m_posts/fun-for-class.md\u001b[39m","time":"2018-07-27T15:20:55.774Z","v":0}
{"name":"hexo","hostname":"codeAir.local","pid":5569,"level":20,"msg":"Processed: \u001b[35m_posts/get-ip-source-sh.md\u001b[39m","time":"2018-07-27T15:20:55.779Z","v":0}
{"name":"hexo","hostname":"codeAir.local","pid":5569,"level":20,"msg":"Processed: \u001b[35m_posts/how-to-enable-ipv6-on-centos-6-x.md\u001b[39m","time":"2018-07-27T15:20:55.781Z","v":0}
{"name":"hexo","hostname":"codeAir.local","pid":5569,"level":20,"msg":"Processed: \u001b[35m_posts/dede-weaving-dreams-nginx-security-settings.md\u001b[39m","time":"2018-07-27T15:20:55.782Z","v":0}
{"name":"hexo","hostname":"codeAir.local","pid":5569,"level":20,"msg":"Processed: \u001b[35m_posts/how-to-fix-filesystem.md\u001b[39m","time":"2018-07-27T15:20:55.784Z","v":0}
{"name":"hexo","hostname":"codeAir.local","pid":5569,"level":20,"msg":"Processed: \u001b[35m_posts/detailed-installation-configuration-dnscrypt-and-dnsmasq.md\u001b[39m","time":"2018-07-27T15:20:55.784Z","v":0}
{"name":"hexo","hostname":"codeAir.local","pid":5569,"level":20,"msg":"Processed: \u001b[35m_posts/diet-plan-reference.md\u001b[39m","time":"2018-07-27T15:20:55.786Z","v":0}
{"name":"hexo","hostname":"codeAir.local","pid":5569,"level":20,"msg":"Processed: \u001b[35m_posts/how-to-interconversion-between-timestamps-and-date-time.md\u001b[39m","time":"2018-07-27T15:20:55.788Z","v":0}
{"name":"hexo","hostname":"codeAir.local","pid":5569,"level":20,"msg":"Processed: \u001b[35m_posts/how-to-calculate-age-gender-from-id-using-sql.md\u001b[39m","time":"2018-07-27T15:20:55.788Z","v":0}
{"name":"hexo","hostname":"codeAir.local","pid":5569,"level":20,"msg":"Processed: \u001b[35m_posts/do-ajax-loading-at-bottom-of-the-screen.md\u001b[39m","time":"2018-07-27T15:20:55.807Z","v":0}
{"name":"hexo","hostname":"codeAir.local","pid":5569,"level":20,"msg":"Processed: \u001b[35m_posts/how-to-set-static-ip-using-netctl.md\u001b[39m","time":"2018-07-27T15:20:55.809Z","v":0}
{"name":"hexo","hostname":"codeAir.local","pid":5569,"level":20,"msg":"Processed: \u001b[35m_posts/how-to-replace-characters-by-regular-expression.md\u001b[39m","time":"2018-07-27T15:20:55.821Z","v":0}
{"name":"hexo","hostname":"codeAir.local","pid":5569,"level":20,"msg":"Processed: \u001b[35m_posts/how-to-select-people-who-get-maximum-value-order-by-value-descending-and-exclude-duplicate-items.md\u001b[39m","time":"2018-07-27T15:20:55.823Z","v":0}
{"name":"hexo","hostname":"codeAir.local","pid":5569,"level":20,"msg":"Processed: \u001b[35m_posts/deceleration-control-for-the-cpu-cpu-frequency-cpufrequtils.md\u001b[39m","time":"2018-07-27T15:20:55.826Z","v":0}
{"name":"hexo","hostname":"codeAir.local","pid":5569,"level":20,"msg":"Processed: \u001b[35m_posts/download-pdf-with-asyncio-and-aiphttp.md\u001b[39m","time":"2018-07-27T15:20:55.834Z","v":0}
{"name":"hexo","hostname":"codeAir.local","pid":5569,"level":20,"msg":"Processed: \u001b[35m_posts/how-to-update-a-column-form-multi-tables-and-multi-database.md\u001b[39m","time":"2018-07-27T15:20:55.840Z","v":0}
{"name":"hexo","hostname":"codeAir.local","pid":5569,"level":20,"msg":"Processed: \u001b[35m_posts/how-to-use-https-in-nginx.md\u001b[39m","time":"2018-07-27T15:20:55.842Z","v":0}
{"name":"hexo","hostname":"codeAir.local","pid":5569,"level":20,"msg":"Processed: \u001b[35m_posts/e4-b8-80-e6-ae-b5-e5-85-b3-e4-ba-8eajax-e7-9a-84js.md\u001b[39m","time":"2018-07-27T15:20:55.845Z","v":0}
{"name":"hexo","hostname":"codeAir.local","pid":5569,"level":20,"msg":"Processed: \u001b[35m_posts/e5-85-a5-e6-89-8braspberry-pi-e5-b0-8f-e8-ae-a1.md\u001b[39m","time":"2018-07-27T15:20:55.848Z","v":0}
{"name":"hexo","hostname":"codeAir.local","pid":5569,"level":20,"msg":"Processed: \u001b[35m_posts/e5-85-a8-e8-87-aa-e5-8a-a8-e6-9e-b6-e8-ae-bevpn.md\u001b[39m","time":"2018-07-27T15:20:55.854Z","v":0}
{"name":"hexo","hostname":"codeAir.local","pid":5569,"level":20,"msg":"Processed: \u001b[35m_posts/howtoampnbspfixmysqlampnbsptableampnbspisampnbspmarkedampnbspasampnbspcrashedampnbspandampnbspshouldampnbspbeampnbsprepaired.md\u001b[39m","time":"2018-07-27T15:20:55.860Z","v":0}
{"name":"hexo","hostname":"codeAir.local","pid":5569,"level":20,"msg":"Processed: \u001b[35m_posts/howtoampnbspuseampnbsprenameampnbspinampnbsplinux.md\u001b[39m","time":"2018-07-27T15:20:55.864Z","v":0}
{"name":"hexo","hostname":"codeAir.local","pid":5569,"level":20,"msg":"Processed: \u001b[35m_posts/howtofix-no-words-preview-with-simplified-chinese-input-method-on-maxos-x-10-11-4.md\u001b[39m","time":"2018-07-27T15:20:55.866Z","v":0}
{"name":"hexo","hostname":"codeAir.local","pid":5569,"level":20,"msg":"Processed: \u001b[35m_posts/htaccess-does-not-work.md\u001b[39m","time":"2018-07-27T15:20:55.868Z","v":0}
{"name":"hexo","hostname":"codeAir.local","pid":5569,"level":20,"msg":"Processed: \u001b[35m_posts/e5-85-b3-e4-ba-8e-e7-bd-91-e5-8d-a1-e5-90-8d-e7-a7-b0-e8-8e-ab-e5-90-8d-e5-a5-87-e5-a6-99-e5-8f-98-e6-88-90-e5-a5-87-e6-80-aa-e5-ad-97-e7-ac-a6-e4-b8-b2-e7-9a-84-e8-a7-a3-e5-86-b3-e6-96-b9-e6-b3-95.md\u001b[39m","time":"2018-07-27T15:20:55.869Z","v":0}
{"name":"hexo","hostname":"codeAir.local","pid":5569,"level":20,"msg":"Processed: \u001b[35m_posts/in-archlinux-install-dnsmasq-personal-notes.md\u001b[39m","time":"2018-07-27T15:20:55.872Z","v":0}
{"name":"hexo","hostname":"codeAir.local","pid":5569,"level":20,"msg":"Processed: \u001b[35m_posts/install-mariadb-using-brew-on-os-x-10-11-el-capitan.md\u001b[39m","time":"2018-07-27T15:20:55.874Z","v":0}
{"name":"hexo","hostname":"codeAir.local","pid":5569,"level":20,"msg":"Processed: \u001b[35m_posts/e5-9d-9a-e6-8c-81-e8-bf-90-e5-8a-a8.md\u001b[39m","time":"2018-07-27T15:20:55.874Z","v":0}
{"name":"hexo","hostname":"codeAir.local","pid":5569,"level":20,"msg":"Processed: \u001b[35m_posts/kvm-libvirt-can-not-start-after-upgrading-a-virtual-machine-has-insufficient-permissions-problem.md\u001b[39m","time":"2018-07-27T15:20:55.878Z","v":0}
{"name":"hexo","hostname":"codeAir.local","pid":5569,"level":20,"msg":"Processed: \u001b[35m_posts/e8-87-aa-e5-8a-a8-e4-bf-ae-e5-a4-8dhtml-e5-85-83-e7-b4-a0.md\u001b[39m","time":"2018-07-27T15:20:55.886Z","v":0}
{"name":"hexo","hostname":"codeAir.local","pid":5569,"level":20,"msg":"Processed: \u001b[35m_posts/laziness-is-the-primary-productive-force.md\u001b[39m","time":"2018-07-27T15:20:55.891Z","v":0}
{"name":"hexo","hostname":"codeAir.local","pid":5569,"level":20,"msg":"Processed: \u001b[35m_posts/life-in-is-sports.md\u001b[39m","time":"2018-07-27T15:20:55.894Z","v":0}
{"name":"hexo","hostname":"codeAir.local","pid":5569,"level":20,"msg":"Processed: \u001b[35m_posts/linux-code-under-the-viewing-and-conversion-rpm.md\u001b[39m","time":"2018-07-27T15:20:55.902Z","v":0}
{"name":"hexo","hostname":"codeAir.local","pid":5569,"level":20,"msg":"Processed: \u001b[35m_posts/e8-af-b7-e5-bc-80-e5-90-af-e7-a7-91-e5-ad-a6-e4-b8-8a-e7-bd-91-e6-a8-a1-e5-bc-8f.md\u001b[39m","time":"2018-07-27T15:20:55.903Z","v":0}
{"name":"hexo","hostname":"codeAir.local","pid":5569,"level":20,"msg":"Processed: \u001b[35m_posts/login-to-sina-weibo-with-cookie.md\u001b[39m","time":"2018-07-27T15:20:55.909Z","v":0}
{"name":"hexo","hostname":"codeAir.local","pid":5569,"level":20,"msg":"Processed: \u001b[35m_posts/linx-using-vim-open-some-txt-files-garbled-win-the-next-problem.md\u001b[39m","time":"2018-07-27T15:20:55.913Z","v":0}
{"name":"hexo","hostname":"codeAir.local","pid":5569,"level":20,"msg":"Processed: \u001b[35m_posts/meow-nonsense.md\u001b[39m","time":"2018-07-27T15:20:55.918Z","v":0}
{"name":"hexo","hostname":"codeAir.local","pid":5569,"level":20,"msg":"Processed: \u001b[35m_posts/migrating-from-ibus-to-fcitx.md\u001b[39m","time":"2018-07-27T15:20:55.920Z","v":0}
{"name":"hexo","hostname":"codeAir.local","pid":5569,"level":20,"msg":"Processed: \u001b[35m_posts/mocp-operating-instructions.md\u001b[39m","time":"2018-07-27T15:20:55.925Z","v":0}
{"name":"hexo","hostname":"codeAir.local","pid":5569,"level":20,"msg":"Processed: \u001b[35m_posts/e8-bf-81-e7-a7-bb-e5-88-b0digital-ocean.md\u001b[39m","time":"2018-07-27T15:20:55.925Z","v":0}
{"name":"hexo","hostname":"codeAir.local","pid":5569,"level":20,"msg":"Processed: \u001b[35m_posts/experience-of-xenserver.md\u001b[39m","time":"2018-07-27T15:20:55.930Z","v":0}
{"name":"hexo","hostname":"codeAir.local","pid":5569,"level":20,"msg":"Processed: \u001b[35m_posts/mysqlstrict-trans-tables.md\u001b[39m","time":"2018-07-27T15:20:55.933Z","v":0}
{"name":"hexo","hostname":"codeAir.local","pid":5569,"level":20,"msg":"Processed: \u001b[35m_posts/mysql-under-windows-xp-or-7-service-missing.md\u001b[39m","time":"2018-07-27T15:20:55.937Z","v":0}
{"name":"hexo","hostname":"codeAir.local","pid":5569,"level":20,"msg":"Processed: \u001b[35m_posts/name-comprehension.md\u001b[39m","time":"2018-07-27T15:20:55.941Z","v":0}
{"name":"hexo","hostname":"codeAir.local","pid":5569,"level":20,"msg":"Processed: \u001b[35m_posts/nginx-e4-bd-bf-e7-94-a8-e8-bf-87-e7-a8-8b-e4-b8-ad-e7-9a-84-e9-97-ae-e9-a2-98-e6-b1-87-e6-80-bb.md\u001b[39m","time":"2018-07-27T15:20:55.945Z","v":0}
{"name":"hexo","hostname":"codeAir.local","pid":5569,"level":20,"msg":"Processed: \u001b[35m_posts/first-tattoo.md\u001b[39m","time":"2018-07-27T15:20:55.946Z","v":0}
{"name":"hexo","hostname":"codeAir.local","pid":5569,"level":20,"msg":"Processed: \u001b[35m_posts/mysql-order-by-optimization.md\u001b[39m","time":"2018-07-27T15:20:55.949Z","v":0}
{"name":"hexo","hostname":"codeAir.local","pid":5569,"level":20,"msg":"Processed: \u001b[35m_posts/new-theme-it-looks-good.md\u001b[39m","time":"2018-07-27T15:20:55.957Z","v":0}
{"name":"hexo","hostname":"codeAir.local","pid":5569,"level":20,"msg":"Processed: \u001b[35m_posts/nginx-picture-anti-hotlinking-local-test.md\u001b[39m","time":"2018-07-27T15:20:55.959Z","v":0}
{"name":"hexo","hostname":"codeAir.local","pid":5569,"level":20,"msg":"Processed: \u001b[35m_posts/fix-how-to-fix-no-space-left-on-device.md\u001b[39m","time":"2018-07-27T15:20:55.960Z","v":0}
{"name":"hexo","hostname":"codeAir.local","pid":5569,"level":20,"msg":"Processed: \u001b[35m_posts/one-id-one-session-for-vpn.md\u001b[39m","time":"2018-07-27T15:20:55.965Z","v":0}
{"name":"hexo","hostname":"codeAir.local","pid":5569,"level":20,"msg":"Processed: \u001b[35m_posts/fixcannot-search-by-using-address-bar-of-chromechromium.md\u001b[39m","time":"2018-07-27T15:20:55.969Z","v":0}
{"name":"hexo","hostname":"codeAir.local","pid":5569,"level":20,"msg":"Processed: \u001b[35m_posts/french-adjectives-articles-cardinal-ordinal-nouns-prepositions-pronouns-syntax-verb.md\u001b[39m","time":"2018-07-27T15:20:55.973Z","v":0}
{"name":"hexo","hostname":"codeAir.local","pid":5569,"level":20,"msg":"Processed: \u001b[35m_posts/pacman-e5-8d-87-e7-ba-a7-e5-88-b04-1-2-e5-af-bc-e8-87-b4-e5-9b-a0-e7-ad-be-e5-90-8d-e6-97-a0-e6-95-88-e6-97-a0-e6-b3-95-e5-8d-87-e7-ba-a7-e7-9a-84-e8-a7-a3-e5-86-b3-e6-96-b9-e6-a1-88.md\u001b[39m","time":"2018-07-27T15:20:55.974Z","v":0}
{"name":"hexo","hostname":"codeAir.local","pid":5569,"level":20,"msg":"Processed: \u001b[35m_posts/percentage-of-memory-used.md\u001b[39m","time":"2018-07-27T15:20:55.977Z","v":0}
{"name":"hexo","hostname":"codeAir.local","pid":5569,"level":20,"msg":"Processed: \u001b[35m_posts/french-assistant-2010-crack-modify-the-frequency-of-use-register.md\u001b[39m","time":"2018-07-27T15:20:55.987Z","v":0}
{"name":"hexo","hostname":"codeAir.local","pid":5569,"level":20,"msg":"Processed: \u001b[35m_posts/pyrename-with-getopt.md\u001b[39m","time":"2018-07-27T15:20:55.992Z","v":0}
{"name":"hexo","hostname":"codeAir.local","pid":5569,"level":20,"msg":"Processed: \u001b[35m_posts/pyrename.md\u001b[39m","time":"2018-07-27T15:20:55.994Z","v":0}
{"name":"hexo","hostname":"codeAir.local","pid":5569,"level":20,"msg":"Processed: \u001b[35m_posts/french-definite-article-the-indefinite-article.md\u001b[39m","time":"2018-07-27T15:20:55.995Z","v":0}
{"name":"hexo","hostname":"codeAir.local","pid":5569,"level":20,"msg":"Processed: \u001b[35m_posts/python-e4-b8-ad-e5-ae-b9-e6-98-93-e5-bf-bd-e7-95-a5-e7-9a-84-e5-b0-8f-e7-bb-86-e8-8a-82.md\u001b[39m","time":"2018-07-27T15:20:55.998Z","v":0}
{"name":"hexo","hostname":"codeAir.local","pid":5569,"level":20,"msg":"Processed: \u001b[35m_posts/hardcore-french-curse-premium.md\u001b[39m","time":"2018-07-27T15:20:55.999Z","v":0}
{"name":"hexo","hostname":"codeAir.local","pid":5569,"level":20,"msg":"Processed: \u001b[35m_posts/hello-hexo.md\u001b[39m","time":"2018-07-27T15:20:56.001Z","v":0}
{"name":"hexo","hostname":"codeAir.local","pid":5569,"level":20,"msg":"Processed: \u001b[35m_posts/pyrename-with-regex.md\u001b[39m","time":"2018-07-27T15:20:56.006Z","v":0}
{"name":"hexo","hostname":"codeAir.local","pid":5569,"level":20,"msg":"Processed: \u001b[35m_posts/hexo-bind-your-onw-domain.md\u001b[39m","time":"2018-07-27T15:20:56.009Z","v":0}
{"name":"hexo","hostname":"codeAir.local","pid":5569,"level":20,"msg":"Processed: \u001b[35m_posts/history-of-chinese-usage-instructions.md\u001b[39m","time":"2018-07-27T15:20:56.014Z","v":0}
{"name":"hexo","hostname":"codeAir.local","pid":5569,"level":20,"msg":"Processed: \u001b[35m_posts/how-to-change-your-source-of-gem-from-official-to-taobao.md\u001b[39m","time":"2018-07-27T15:20:56.018Z","v":0}
{"name":"hexo","hostname":"codeAir.local","pid":5569,"level":20,"msg":"Processed: \u001b[35m_posts/python-fib-nums-using-generator.md\u001b[39m","time":"2018-07-27T15:20:56.021Z","v":0}
{"name":"hexo","hostname":"codeAir.local","pid":5569,"level":20,"msg":"Processed: \u001b[35m_posts/how-to-force-ssh-login-via-public-key-authentication.md\u001b[39m","time":"2018-07-27T15:20:56.022Z","v":0}
{"name":"hexo","hostname":"codeAir.local","pid":5569,"level":20,"msg":"Processed: \u001b[35m_posts/python-e5-87-bd-e6-95-b0-e8-a3-85-e9-a5-b0-e5-99-a8.md\u001b[39m","time":"2018-07-27T15:20:56.023Z","v":0}
{"name":"hexo","hostname":"codeAir.local","pid":5569,"level":20,"msg":"Processed: \u001b[35m_posts/python-fib-nums-using-iterator.md\u001b[39m","time":"2018-07-27T15:20:56.027Z","v":0}
{"name":"hexo","hostname":"codeAir.local","pid":5569,"level":20,"msg":"Processed: \u001b[35m_posts/python-reverse-iterator-way.md\u001b[39m","time":"2018-07-27T15:20:56.031Z","v":0}
{"name":"hexo","hostname":"codeAir.local","pid":5569,"level":20,"msg":"Processed: \u001b[35m_posts/python-iterator-generator-yield-first-look.md\u001b[39m","time":"2018-07-27T15:20:56.033Z","v":0}
{"name":"hexo","hostname":"codeAir.local","pid":5569,"level":20,"msg":"Processed: \u001b[35m_posts/recoverloacaldb.md\u001b[39m","time":"2018-07-27T15:20:56.045Z","v":0}
{"name":"hexo","hostname":"codeAir.local","pid":5569,"level":20,"msg":"Processed: \u001b[35m_posts/how-to-proxy-google-use-nginx.md\u001b[39m","time":"2018-07-27T15:20:56.046Z","v":0}
{"name":"hexo","hostname":"codeAir.local","pid":5569,"level":20,"msg":"Processed: \u001b[35m_posts/remove-old-backups-automatically-over-86400-mins.md\u001b[39m","time":"2018-07-27T15:20:56.048Z","v":0}
{"name":"hexo","hostname":"codeAir.local","pid":5569,"level":20,"msg":"Processed: \u001b[35m_posts/reserved-beijing-to-raise-a-child-is-the-cost-original.md\u001b[39m","time":"2018-07-27T15:20:56.050Z","v":0}
{"name":"hexo","hostname":"codeAir.local","pid":5569,"level":20,"msg":"Processed: \u001b[35m_posts/reserved-adverbial-participle-distinction-and-modernity.md\u001b[39m","time":"2018-07-27T15:20:56.052Z","v":0}
{"name":"hexo","hostname":"codeAir.local","pid":5569,"level":20,"msg":"Processed: \u001b[35m_posts/how-to-setup-git-server-on-centos6-6.md\u001b[39m","time":"2018-07-27T15:20:56.054Z","v":0}
{"name":"hexo","hostname":"codeAir.local","pid":5569,"level":20,"msg":"Processed: \u001b[35m_posts/reserved-french-grammar-to-avoir-as-auxiliary-straight-chen-style-complex-past-tense.md\u001b[39m","time":"2018-07-27T15:20:56.055Z","v":0}
{"name":"hexo","hostname":"codeAir.local","pid":5569,"level":20,"msg":"Processed: \u001b[35m_posts/reserved-autant-tant-tandis-que-difference.md\u001b[39m","time":"2018-07-27T15:20:56.057Z","v":0}
{"name":"hexo","hostname":"codeAir.local","pid":5569,"level":20,"msg":"Processed: \u001b[35m_posts/reserved-french-origin-of-the-week.md\u001b[39m","time":"2018-07-27T15:20:56.059Z","v":0}
{"name":"hexo","hostname":"codeAir.local","pid":5569,"level":20,"msg":"Processed: \u001b[35m_posts/reserved-french-first-quarter-classified.md\u001b[39m","time":"2018-07-27T15:20:56.061Z","v":0}
{"name":"hexo","hostname":"codeAir.local","pid":5569,"level":20,"msg":"Processed: \u001b[35m_posts/reserved-french-textbook-quotdo-not-spend-money-to-learn-frenchquot-read-the-books-would-not-have-friends.md\u001b[39m","time":"2018-07-27T15:20:56.064Z","v":0}
{"name":"hexo","hostname":"codeAir.local","pid":5569,"level":20,"msg":"Processed: \u001b[35m_posts/reserved-la-maladie-d39amour.md\u001b[39m","time":"2018-07-27T15:20:56.066Z","v":0}
{"name":"hexo","hostname":"codeAir.local","pid":5569,"level":20,"msg":"Processed: \u001b[35m_posts/reserved-japanese-erotic-masterpieces-girl-licking-doorknobs.md\u001b[39m","time":"2018-07-27T15:20:56.070Z","v":0}
{"name":"hexo","hostname":"codeAir.local","pid":5569,"level":20,"msg":"Processed: \u001b[35m_posts/reserved-jour-and-journ-ampeacute-e-difference.md\u001b[39m","time":"2018-07-27T15:20:56.073Z","v":0}
{"name":"hexo","hostname":"codeAir.local","pid":5569,"level":20,"msg":"Processed: \u001b[35m_posts/reserved-linux-running-locally-built-under-sae-python-environment.md\u001b[39m","time":"2018-07-27T15:20:56.075Z","v":0}
{"name":"hexo","hostname":"codeAir.local","pid":5569,"level":20,"msg":"Processed: \u001b[35m_posts/reserved-jquery-cookie-usage.md\u001b[39m","time":"2018-07-27T15:20:56.078Z","v":0}
{"name":"hexo","hostname":"codeAir.local","pid":5569,"level":20,"msg":"Processed: \u001b[35m_posts/how-to-share-you-ssh-via-putty-through-sock-v5-for-other-users-in-lan.md\u001b[39m","time":"2018-07-27T15:20:56.078Z","v":0}
{"name":"hexo","hostname":"codeAir.local","pid":5569,"level":20,"msg":"Processed: \u001b[35m_posts/reserved-linux-console-under-the-personal-collection-of-some-software-original.md\u001b[39m","time":"2018-07-27T15:20:56.080Z","v":0}
{"name":"hexo","hostname":"codeAir.local","pid":5569,"level":20,"msg":"Processed: \u001b[35m_posts/reserved-linux-system-information-view-command-daquan.md\u001b[39m","time":"2018-07-27T15:20:56.083Z","v":0}
{"name":"hexo","hostname":"codeAir.local","pid":5569,"level":20,"msg":"Processed: \u001b[35m_posts/how-to-show-full-path-in-title-bar-on-mac-os-x.md\u001b[39m","time":"2018-07-27T15:20:56.083Z","v":0}
{"name":"hexo","hostname":"codeAir.local","pid":5569,"level":20,"msg":"Processed: \u001b[35m_posts/reserved-php-interview.md\u001b[39m","time":"2018-07-27T15:20:56.094Z","v":0}
{"name":"hexo","hostname":"codeAir.local","pid":5569,"level":20,"msg":"Processed: \u001b[35m_posts/reserved-php-file-and-folder-traversal.md\u001b[39m","time":"2018-07-27T15:20:56.099Z","v":0}
{"name":"hexo","hostname":"codeAir.local","pid":5569,"level":20,"msg":"Processed: \u001b[35m_posts/reserved-php-output-csv-file-and-excel-file.md\u001b[39m","time":"2018-07-27T15:20:56.109Z","v":0}
{"name":"hexo","hostname":"codeAir.local","pid":5569,"level":20,"msg":"Processed: \u001b[35m_posts/reserved-simple-complex-sentences-la-phrase-simple-et-la-phras-2.md\u001b[39m","time":"2018-07-27T15:20:56.112Z","v":0}
{"name":"hexo","hostname":"codeAir.local","pid":5569,"level":20,"msg":"Processed: \u001b[35m_posts/reserved-slow-down-will-you.md\u001b[39m","time":"2018-07-27T15:20:56.115Z","v":0}
{"name":"hexo","hostname":"codeAir.local","pid":5569,"level":20,"msg":"Processed: \u001b[35m_posts/how-to-track-error-when-start-apache-fails-on-macos-x.md\u001b[39m","time":"2018-07-27T15:20:56.115Z","v":0}
{"name":"hexo","hostname":"codeAir.local","pid":5569,"level":20,"msg":"Processed: \u001b[35m_posts/reserved-simple-complex-sentences-la-phrase-simple-et-la-phras.md\u001b[39m","time":"2018-07-27T15:20:56.118Z","v":0}
{"name":"hexo","hostname":"codeAir.local","pid":5569,"level":20,"msg":"Processed: \u001b[35m_posts/how-to-use-rsync.md\u001b[39m","time":"2018-07-27T15:20:56.123Z","v":0}
{"name":"hexo","hostname":"codeAir.local","pid":5569,"level":20,"msg":"Processed: \u001b[35m_posts/reserved-using-jquery-to-do-search-engine-results.md\u001b[39m","time":"2018-07-27T15:20:56.126Z","v":0}
{"name":"hexo","hostname":"codeAir.local","pid":5569,"level":20,"msg":"Processed: \u001b[35m_posts/sense-of-value.md\u001b[39m","time":"2018-07-27T15:20:56.130Z","v":0}
{"name":"hexo","hostname":"codeAir.local","pid":5569,"level":20,"msg":"Processed: \u001b[35m_posts/how-to-use-vpn-via-different-route-by-one-script-automatically.md\u001b[39m","time":"2018-07-27T15:20:56.130Z","v":0}
{"name":"hexo","hostname":"codeAir.local","pid":5569,"level":20,"msg":"Processed: \u001b[35m_posts/e5-85-b3-e4-ba-8elinux-e5-88-86-e5-8c-ba-e5-8d-a0-e7-94-a8-e7-9a-84-e7-96-91-e9-97-ae.md\u001b[39m","time":"2018-07-27T15:20:56.134Z","v":0}
{"name":"hexo","hostname":"codeAir.local","pid":5569,"level":20,"msg":"Processed: \u001b[35m_posts/setting-up-mysqlmaria-databases-replication.md\u001b[39m","time":"2018-07-27T15:20:56.139Z","v":0}
{"name":"hexo","hostname":"codeAir.local","pid":5569,"level":20,"msg":"Processed: \u001b[35m_posts/howto-install-alcatraz.md\u001b[39m","time":"2018-07-27T15:20:56.146Z","v":0}
{"name":"hexo","hostname":"codeAir.local","pid":5569,"level":20,"msg":"Processed: \u001b[35m_posts/tax-calculator.md\u001b[39m","time":"2018-07-27T15:20:56.150Z","v":0}
{"name":"hexo","hostname":"codeAir.local","pid":5569,"level":20,"msg":"Processed: \u001b[35m_posts/howto-svn-shows-error-uuid-does-not-match.md\u001b[39m","time":"2018-07-27T15:20:56.153Z","v":0}
{"name":"hexo","hostname":"codeAir.local","pid":5569,"level":20,"msg":"Processed: \u001b[35m_posts/solve-linux-hung-them-on-the-fat32-partition-chinese-file-name-garbled.md\u001b[39m","time":"2018-07-27T15:20:56.156Z","v":0}
{"name":"hexo","hostname":"codeAir.local","pid":5569,"level":20,"msg":"Processed: \u001b[35m_posts/howtoampnbspsetupampnbspdnsmasqampnbsptoampnbsplogampnbspallampnbspdnsampnbspqueries.md\u001b[39m","time":"2018-07-27T15:20:56.158Z","v":0}
{"name":"hexo","hostname":"codeAir.local","pid":5569,"level":20,"msg":"Processed: \u001b[35m_posts/ssh-e8-bf-9c-e7-a8-8b-e7-99-bb-e5-bd-95-e4-b9-8b-e5-85-8d-e5-af-86-e7-a0-81key-e7-99-bb-e5-bd-95.md\u001b[39m","time":"2018-07-27T15:20:56.164Z","v":0}
{"name":"hexo","hostname":"codeAir.local","pid":5569,"level":20,"msg":"Processed: \u001b[35m_posts/two-todays.md\u001b[39m","time":"2018-07-27T15:20:56.164Z","v":0}
{"name":"hexo","hostname":"codeAir.local","pid":5569,"level":20,"msg":"Processed: \u001b[35m_posts/i-used-linux-bash-script-to-update-to-13.md\u001b[39m","time":"2018-07-27T15:20:56.165Z","v":0}
{"name":"hexo","hostname":"codeAir.local","pid":5569,"level":20,"msg":"Processed: \u001b[35m_posts/tips-on-pacman-tips.md\u001b[39m","time":"2018-07-27T15:20:56.166Z","v":0}
{"name":"hexo","hostname":"codeAir.local","pid":5569,"level":20,"msg":"Processed: \u001b[35m_posts/update-bashrc.md\u001b[39m","time":"2018-07-27T15:20:56.166Z","v":0}
{"name":"hexo","hostname":"codeAir.local","pid":5569,"level":20,"msg":"Processed: \u001b[35m_posts/ipsecikev2-vpn-one-in-script.md\u001b[39m","time":"2018-07-27T15:20:56.167Z","v":0}
{"name":"hexo","hostname":"codeAir.local","pid":5569,"level":20,"msg":"Processed: \u001b[35m_posts/keep-training.md\u001b[39m","time":"2018-07-27T15:20:56.168Z","v":0}
{"name":"hexo","hostname":"codeAir.local","pid":5569,"level":20,"msg":"Processed: \u001b[35m_posts/l39imparfait-and-le-pass-ampeacute-compos-ampeacute.md\u001b[39m","time":"2018-07-27T15:20:56.173Z","v":0}
{"name":"hexo","hostname":"codeAir.local","pid":5569,"level":20,"msg":"Processed: \u001b[35m_posts/vim-search-and-replace-some-other-tips.md\u001b[39m","time":"2018-07-27T15:20:56.173Z","v":0}
{"name":"hexo","hostname":"codeAir.local","pid":5569,"level":20,"msg":"Processed: \u001b[35m_posts/wget-tips.md\u001b[39m","time":"2018-07-27T15:20:56.174Z","v":0}
{"name":"hexo","hostname":"codeAir.local","pid":5569,"level":20,"msg":"Processed: \u001b[35m_posts/using-dnsmasq-for-local-development-on-os-x.md\u001b[39m","time":"2018-07-27T15:20:56.175Z","v":0}
{"name":"hexo","hostname":"codeAir.local","pid":5569,"level":20,"msg":"Processed: \u001b[35m_posts/let-t-your-site-fly.md\u001b[39m","time":"2018-07-27T15:20:56.176Z","v":0}
{"name":"hexo","hostname":"codeAir.local","pid":5569,"level":20,"msg":"Processed: \u001b[35m_posts/wth-url-for-with-flask.md\u001b[39m","time":"2018-07-27T15:20:56.177Z","v":0}
{"name":"hexo","hostname":"codeAir.local","pid":5569,"level":20,"msg":"Processed: \u001b[35m_posts/weather-script.md\u001b[39m","time":"2018-07-27T15:20:56.178Z","v":0}
{"name":"hexo","hostname":"codeAir.local","pid":5569,"level":20,"msg":"Processed: \u001b[35m_posts/lftp-problems-downloading-a-file-can-not-be-overwritten.md\u001b[39m","time":"2018-07-27T15:20:56.178Z","v":0}
{"name":"hexo","hostname":"codeAir.local","pid":5569,"level":20,"msg":"Processed: \u001b[35m_posts/how-to-using-qq-smtp-server-send-e-mail-on-centos6.md\u001b[39m","time":"2018-07-27T15:20:56.182Z","v":0}
{"name":"hexo","hostname":"codeAir.local","pid":5569,"level":20,"msg":"Processed: \u001b[35m_posts/what-plugs-I-installed.md\u001b[39m","time":"2018-07-27T15:20:56.184Z","v":0}
{"name":"hexo","hostname":"codeAir.local","pid":5569,"level":20,"msg":"Processed: \u001b[35m_posts/mouse-focus-gradient-fade-jquery-album.md\u001b[39m","time":"2018-07-27T15:20:56.185Z","v":0}
{"name":"hexo","hostname":"codeAir.local","pid":5569,"level":20,"msg":"Processed: \u001b[35m_posts/yaourtampnbsp-qiampnbsptree.md\u001b[39m","time":"2018-07-27T15:20:56.186Z","v":0}
{"name":"hexo","hostname":"codeAir.local","pid":5569,"level":20,"msg":"Processed: \u001b[35m_posts/march-17-2012.md\u001b[39m","time":"2018-07-27T15:20:56.188Z","v":0}
{"name":"hexo","hostname":"codeAir.local","pid":5569,"level":20,"msg":"Processed: \u001b[35m_posts/more-e4-b9-8bpython-e5-ae-9e-e7-8e-b0.md\u001b[39m","time":"2018-07-27T15:20:56.190Z","v":0}
{"name":"hexo","hostname":"codeAir.local","pid":5569,"level":20,"msg":"Processed: \u001b[35m_posts/nginx-e5-9d-87-e8-a1-a1-e8-b4-9f-e8-bd-bd-e5-8f-8d-e5-90-91-e4-bb-a3-e7-90-86-e5-8a-a8-e6-89-8b-e7-8e-a9-e5-84-bf.md\u001b[39m","time":"2018-07-27T15:20:56.191Z","v":0}
{"name":"hexo","hostname":"codeAir.local","pid":5569,"level":20,"msg":"Processed: \u001b[35m_posts/normalized-commonly-used-software-linux-occasionally-update-rollup.md\u001b[39m","time":"2018-07-27T15:20:56.192Z","v":0}
{"name":"hexo","hostname":"codeAir.local","pid":5569,"level":20,"msg":"Processed: \u001b[35m_posts/notes-on-squid.md\u001b[39m","time":"2018-07-27T15:20:56.192Z","v":0}
{"name":"hexo","hostname":"codeAir.local","pid":5569,"level":20,"msg":"Processed: \u001b[35m_posts/own-script-bash-script-enhanced-touch.md\u001b[39m","time":"2018-07-27T15:20:56.194Z","v":0}
{"name":"hexo","hostname":"codeAir.local","pid":5569,"level":20,"msg":"Processed: \u001b[35m_posts/own-script-did-not-complete.md\u001b[39m","time":"2018-07-27T15:20:56.194Z","v":0}
{"name":"hexo","hostname":"codeAir.local","pid":5569,"level":20,"msg":"Processed: \u001b[35m_posts/new-blog-new-beginning.md\u001b[39m","time":"2018-07-27T15:20:56.195Z","v":0}
{"name":"hexo","hostname":"codeAir.local","pid":5569,"level":20,"msg":"Processed: \u001b[35m_posts/nginx-python-fcgi-static-file-40.md\u001b[39m","time":"2018-07-27T15:20:56.197Z","v":0}
{"name":"hexo","hostname":"codeAir.local","pid":5569,"level":20,"msg":"Processed: \u001b[35m_posts/positionampnbspofampnbspfrenchampnbspadjectives.md\u001b[39m","time":"2018-07-27T15:20:56.198Z","v":0}
{"name":"hexo","hostname":"codeAir.local","pid":5569,"level":20,"msg":"Processed: \u001b[35m_posts/pyglet-e5-8a-a8-e6-89-8b-e7-8e-a9-e5-84-bf.md\u001b[39m","time":"2018-07-27T15:20:56.208Z","v":0}
{"name":"hexo","hostname":"codeAir.local","pid":5569,"level":20,"msg":"Processed: \u001b[35m_posts/nginx-e8-84-9a-e6-9c-ac-e4-b9-8b-e5-a2-9e-e5-8a-a0virtual-host.md\u001b[39m","time":"2018-07-27T15:20:56.222Z","v":0}
{"name":"hexo","hostname":"codeAir.local","pid":5569,"level":20,"msg":"Processed: \u001b[35m_posts/python-e4-b9-8b-e5-9c-a81-9-e4-b8-ad-e9-80-89n-e4-b8-aa-e6-95-b0-e4-b8-8d-e9-87-8d-e5-a4-8d-e7-9a-84-e5-ae-9e-e7-8e-b0.md\u001b[39m","time":"2018-07-27T15:20:56.223Z","v":0}
{"name":"hexo","hostname":"codeAir.local","pid":5569,"level":20,"msg":"Processed: \u001b[35m_posts/php-e6-89-a9-e5-b1-95-e4-b9-8bstomp-e5-8a-a8-e6-89-8b-e7-8e-a9-e5-84-bf-1-e5-ae-89-e8-a3-85.md\u001b[39m","time":"2018-07-27T15:20:56.225Z","v":0}
{"name":"hexo","hostname":"codeAir.local","pid":5569,"level":20,"msg":"Processed: \u001b[35m_posts/perlampnbsptodolist.md\u001b[39m","time":"2018-07-27T15:20:56.225Z","v":0}
{"name":"hexo","hostname":"codeAir.local","pid":5569,"level":20,"msg":"Processed: \u001b[35m_posts/python-e4-b9-8b-e6-8a-93-e5-8f-96-e6-8b-9b-e8-a1-8c-e7-be-8e-e5-85-83-e7-8e-b0-e9-92-9e-e4-bb-b7.md\u001b[39m","time":"2018-07-27T15:20:56.229Z","v":0}
{"name":"hexo","hostname":"codeAir.local","pid":5569,"level":20,"msg":"Processed: \u001b[35m_posts/python-e4-b9-8btimer.md\u001b[39m","time":"2018-07-27T15:20:56.234Z","v":0}
{"name":"hexo","hostname":"codeAir.local","pid":5569,"level":20,"msg":"Processed: \u001b[35m_posts/python-e5-ae-9e-e7-94-a8-e5-b7-a5-e5-85-b7-e4-b9-8bdis.md\u001b[39m","time":"2018-07-27T15:20:56.244Z","v":0}
{"name":"hexo","hostname":"codeAir.local","pid":5569,"level":20,"msg":"Processed: \u001b[35m_posts/python-e4-b9-8btimer0-2.md\u001b[39m","time":"2018-07-27T15:20:56.247Z","v":0}
{"name":"hexo","hostname":"codeAir.local","pid":5569,"level":20,"msg":"Processed: \u001b[35m_posts/python-e4-b9-8btimer0-3.md\u001b[39m","time":"2018-07-27T15:20:56.253Z","v":0}
{"name":"hexo","hostname":"codeAir.local","pid":5569,"level":20,"msg":"Processed: \u001b[35m_posts/python-try-except-else-finally.md\u001b[39m","time":"2018-07-27T15:20:56.257Z","v":0}
{"name":"hexo","hostname":"codeAir.local","pid":5569,"level":20,"msg":"Processed: \u001b[35m_posts/quel-que-and-quoi-difference.md\u001b[39m","time":"2018-07-27T15:20:56.257Z","v":0}
{"name":"hexo","hostname":"codeAir.local","pid":5569,"level":20,"msg":"Processed: \u001b[35m_posts/qrencode-dimensional-code-generation-tool.md\u001b[39m","time":"2018-07-27T15:20:56.258Z","v":0}
{"name":"hexo","hostname":"codeAir.local","pid":5569,"level":20,"msg":"Processed: \u001b[35m_posts/reserved-color-man-page-configuration.md\u001b[39m","time":"2018-07-27T15:20:56.259Z","v":0}
{"name":"hexo","hostname":"codeAir.local","pid":5569,"level":20,"msg":"Processed: \u001b[35m_posts/reserved-netstat-view-the-number-of-connections.md\u001b[39m","time":"2018-07-27T15:20:56.262Z","v":0}
{"name":"hexo","hostname":"codeAir.local","pid":5569,"level":20,"msg":"Processed: \u001b[35m_posts/reserved-may-20-2011.md\u001b[39m","time":"2018-07-27T15:20:56.273Z","v":0}
{"name":"hexo","hostname":"codeAir.local","pid":5569,"level":20,"msg":"Processed: \u001b[35m_posts/reserved-rhce-rhel6-review-summary-9-managing-ldap-network-users-and-their-home-directory.md\u001b[39m","time":"2018-07-27T15:20:56.275Z","v":0}
{"name":"hexo","hostname":"codeAir.local","pid":5569,"level":20,"msg":"Processed: \u001b[35m_posts/reserved-rhel6-installation-configuration-and-automatically-mount-iscsi.md\u001b[39m","time":"2018-07-27T15:20:56.275Z","v":0}
{"name":"hexo","hostname":"codeAir.local","pid":5569,"level":20,"msg":"Processed: \u001b[35m_posts/reserved-wget-download-site-directory-of-all-files.md\u001b[39m","time":"2018-07-27T15:20:56.277Z","v":0}
{"name":"hexo","hostname":"codeAir.local","pid":5569,"level":20,"msg":"Processed: \u001b[35m_posts/returnerampnbspandampnbsprendre.md\u001b[39m","time":"2018-07-27T15:20:56.278Z","v":0}
{"name":"hexo","hostname":"codeAir.local","pid":5569,"level":20,"msg":"Processed: \u001b[35m_posts/rhle6-centos6-about-named.md\u001b[39m","time":"2018-07-27T15:20:56.279Z","v":0}
{"name":"hexo","hostname":"codeAir.local","pid":5569,"level":20,"msg":"Processed: \u001b[35m_posts/scandir-py.md\u001b[39m","time":"2018-07-27T15:20:56.282Z","v":0}
{"name":"hexo","hostname":"codeAir.local","pid":5569,"level":20,"msg":"Processed: \u001b[35m_posts/samba-iptable-conflict.md\u001b[39m","time":"2018-07-27T15:20:56.283Z","v":0}
{"name":"hexo","hostname":"codeAir.local","pid":5569,"level":20,"msg":"Processed: \u001b[35m_posts/selinux-concerning-ftp-and-samba-settings.md\u001b[39m","time":"2018-07-27T15:20:56.284Z","v":0}
{"name":"hexo","hostname":"codeAir.local","pid":5569,"level":20,"msg":"Processed: \u001b[35m_posts/sina-api-v1-5-4-trade-related-no.md\u001b[39m","time":"2018-07-27T15:20:56.285Z","v":0}
{"name":"hexo","hostname":"codeAir.local","pid":5569,"level":20,"msg":"Processed: \u001b[35m_posts/slide-show-div-and-set-the-display-time-after-contraction-hidden-div.md\u001b[39m","time":"2018-07-27T15:20:56.286Z","v":0}
{"name":"hexo","hostname":"codeAir.local","pid":5569,"level":20,"msg":"Processed: \u001b[35m_posts/softwareampnbspsystemdampnbsptipsampnbspandampnbsptricks.md\u001b[39m","time":"2018-07-27T15:20:56.287Z","v":0}
{"name":"hexo","hostname":"codeAir.local","pid":5569,"level":20,"msg":"Processed: \u001b[35m_posts/ssh-agent.md\u001b[39m","time":"2018-07-27T15:20:56.288Z","v":0}
{"name":"hexo","hostname":"codeAir.local","pid":5569,"level":20,"msg":"Processed: \u001b[35m_posts/sum-recursion-python-alogorithm.md\u001b[39m","time":"2018-07-27T15:20:56.290Z","v":0}
{"name":"hexo","hostname":"codeAir.local","pid":5569,"level":20,"msg":"Processed: \u001b[35m_posts/theampnbsppageampnbspyouampnbspareampnbsplookingampnbspforampnbspisampnbsptemporarilyampnbspunavailableampnbsppleaseampnbsptryampnbspagainampnbsplater.md\u001b[39m","time":"2018-07-27T15:20:56.290Z","v":0}
{"name":"hexo","hostname":"codeAir.local","pid":5569,"level":20,"msg":"Processed: \u001b[35m_posts/the-flash-plug-in-was-blocked-because-it-is-out-of-date-solutions.md\u001b[39m","time":"2018-07-27T15:20:56.309Z","v":0}
{"name":"hexo","hostname":"codeAir.local","pid":5569,"level":20,"msg":"Processed: \u001b[35m_posts/touchscript-update-at-2013-11-17.md\u001b[39m","time":"2018-07-27T15:20:56.311Z","v":0}
{"name":"hexo","hostname":"codeAir.local","pid":5569,"level":20,"msg":"Processed: \u001b[35m_posts/track-package-py-0-2.md\u001b[39m","time":"2018-07-27T15:20:56.313Z","v":0}
{"name":"hexo","hostname":"codeAir.local","pid":5569,"level":20,"msg":"Processed: \u001b[35m_posts/track-package-py-e8-bf-bd-e8-b8-aausps-e8-b4-a7-e8-bf-90-e5-8d-95.md\u001b[39m","time":"2018-07-27T15:20:56.316Z","v":0}
{"name":"hexo","hostname":"codeAir.local","pid":5569,"level":20,"msg":"Processed: \u001b[35m_posts/under-linux-lftp-ftp-client-software.md\u001b[39m","time":"2018-07-27T15:20:56.317Z","v":0}
{"name":"hexo","hostname":"codeAir.local","pid":5569,"level":20,"msg":"Processed: \u001b[35m_posts/using-code-dir-in-elegant-way.md\u001b[39m","time":"2018-07-27T15:20:56.319Z","v":0}
{"name":"hexo","hostname":"codeAir.local","pid":5569,"level":20,"msg":"Processed: \u001b[35m_posts/using-fabfile.md\u001b[39m","time":"2018-07-27T15:20:56.321Z","v":0}
{"name":"hexo","hostname":"codeAir.local","pid":5569,"level":20,"msg":"Processed: \u001b[35m_posts/web-service-e5-8a-a8-e6-89-8b-e7-8e-a9-e5-84-bf.md\u001b[39m","time":"2018-07-27T15:20:56.325Z","v":0}
{"name":"hexo","hostname":"codeAir.local","pid":5569,"level":20,"msg":"Processed: \u001b[35m_posts/vsftp-translation-error-500-issue-illegal-ports.md\u001b[39m","time":"2018-07-27T15:20:56.329Z","v":0}
{"name":"hexo","hostname":"codeAir.local","pid":5569,"level":20,"msg":"Processed: \u001b[35m_posts/whats-wrong-with-npm.md\u001b[39m","time":"2018-07-27T15:20:56.330Z","v":0}
{"name":"hexo","hostname":"codeAir.local","pid":5569,"level":20,"msg":"Processed: \u001b[35m_posts/worong-fs-type-bad-option-bad-superblock.md\u001b[39m","time":"2018-07-27T15:20:56.331Z","v":0}
{"name":"hexo","hostname":"codeAir.local","pid":5569,"level":20,"msg":"Processed: \u001b[35m_posts/zathuraampnbsppdfampnbspxpfd.md\u001b[39m","time":"2018-07-27T15:20:56.331Z","v":0}
{"name":"hexo","hostname":"codeAir.local","pid":5569,"level":20,"msg":"Processed: \u001b[35m_posts/startampnbspphpampnbspnginxampnbspvarnishampnbspbashampnbspscript.md\u001b[39m","time":"2018-07-27T15:20:56.332Z","v":0}
{"name":"hexo","hostname":"codeAir.local","pid":5569,"level":20,"msg":"Processed: \u001b[35mlanguages/en.yml\u001b[39m","time":"2018-07-27T15:20:56.352Z","v":0}
{"name":"hexo","hostname":"codeAir.local","pid":5569,"level":20,"msg":"Processed: \u001b[35mlanguages/zh.yml\u001b[39m","time":"2018-07-27T15:20:56.352Z","v":0}
{"name":"hexo","hostname":"codeAir.local","pid":5569,"level":20,"msg":"Processed: \u001b[35m_posts/cat-tmp-vimrc-super-vim-configuration-file.md\u001b[39m","time":"2018-07-27T15:20:56.385Z","v":0}
{"name":"hexo","hostname":"codeAir.local","pid":5569,"level":20,"msg":"Processed: \u001b[35m_posts/one-shell.md\u001b[39m","time":"2018-07-27T15:20:56.386Z","v":0}
{"name":"hexo","hostname":"codeAir.local","pid":5569,"level":20,"msg":"Processed: \u001b[35m_posts/reserved-archlinux-installation-configuration-and-some-nonsense.md\u001b[39m","time":"2018-07-27T15:20:56.388Z","v":0}
{"name":"hexo","hostname":"codeAir.local","pid":5569,"level":20,"msg":"Processed: \u001b[35m_posts/dig-detailed-use.md\u001b[39m","time":"2018-07-27T15:20:56.389Z","v":0}
{"name":"hexo","hostname":"codeAir.local","pid":5569,"level":20,"msg":"Processed: \u001b[35m_posts/reserved-the-best-creative-advertising-content-that-you-can-understand-it.md\u001b[39m","time":"2018-07-27T15:20:56.389Z","v":0}
{"name":"hexo","hostname":"codeAir.local","pid":5569,"level":20,"msg":"Processed: \u001b[35m_posts/reserved-some-of-the-grammar-points-and-sentence-writing-exercises-and-long-term-help-to-learn-french.md\u001b[39m","time":"2018-07-27T15:20:56.389Z","v":0}
{"name":"hexo","hostname":"codeAir.local","pid":5569,"level":20,"msg":"Processed: \u001b[35m_posts/e5-be-ae-e4-bf-a1-e5-bc-80-e6-94-be-e5-b9-b3-e5-8f-b0api-e8-87-aa-e5-ae-9a-e4-b9-89-e8-8f-9c-e5-8d-95-e5-85-b3-e9-94-ae-e5-ad-97-e8-87-aa-e5-8a-a8-e5-9b-9e-e5-a4-8d-e5-bc-80-e5-8f-91-e6-a1-88.md\u001b[39m","time":"2018-07-27T15:20:56.393Z","v":0}
{"name":"hexo","hostname":"codeAir.local","pid":5569,"level":20,"msg":"Processed: \u001b[35m_posts/reinstall-archlinux-2013-0.md\u001b[39m","time":"2018-07-27T15:20:56.395Z","v":0}
{"name":"hexo","hostname":"codeAir.local","pid":5569,"level":20,"msg":"Processed: \u001b[35m_posts/reserved-understand-about-cats.md\u001b[39m","time":"2018-07-27T15:20:56.396Z","v":0}
{"name":"hexo","hostname":"codeAir.local","pid":5569,"level":20,"msg":"Processed: \u001b[35mlayout/_partial/footer.ejs\u001b[39m","time":"2018-07-27T15:20:56.406Z","v":0}
{"name":"hexo","hostname":"codeAir.local","pid":5569,"level":20,"msg":"Processed: \u001b[35mlayout/_partial/head.ejs\u001b[39m","time":"2018-07-27T15:20:56.407Z","v":0}
{"name":"hexo","hostname":"codeAir.local","pid":5569,"level":20,"msg":"Processed: \u001b[35mlayout/_partial/nav.ejs\u001b[39m","time":"2018-07-27T15:20:56.407Z","v":0}
{"name":"hexo","hostname":"codeAir.local","pid":5569,"level":20,"msg":"Processed: \u001b[35mlayout/_partial/toc.ejs\u001b[39m","time":"2018-07-27T15:20:56.407Z","v":0}
{"name":"hexo","hostname":"codeAir.local","pid":5569,"level":20,"msg":"Processed: \u001b[35mlayout/_partial/donate.ejs\u001b[39m","time":"2018-07-27T15:20:56.407Z","v":0}
{"name":"hexo","hostname":"codeAir.local","pid":5569,"level":20,"msg":"Processed: \u001b[35m_posts/archlinux-lnmp-a-key-installation-fool-scripts-001.md\u001b[39m","time":"2018-07-27T15:20:56.466Z","v":0}
{"name":"hexo","hostname":"codeAir.local","pid":5569,"level":20,"msg":"Processed: \u001b[35m_posts/reproduced-quebec-immigrant-literacy-software.md\u001b[39m","time":"2018-07-27T15:20:56.467Z","v":0}
{"name":"hexo","hostname":"codeAir.local","pid":5569,"level":20,"msg":"Processed: \u001b[35m_posts/reserved-frenchman39s-oral-language.md\u001b[39m","time":"2018-07-27T15:20:56.467Z","v":0}
{"name":"hexo","hostname":"codeAir.local","pid":5569,"level":20,"msg":"Processed: \u001b[35m_posts/reserved-secret-taiwan-version-chinese-maps-still-retains-the-reasons-for-mongolia.md\u001b[39m","time":"2018-07-27T15:20:56.467Z","v":0}
{"name":"hexo","hostname":"codeAir.local","pid":5569,"level":20,"msg":"Processed: \u001b[35m_posts/shellampnbspprogramming.md\u001b[39m","time":"2018-07-27T15:20:56.489Z","v":0}
{"name":"hexo","hostname":"codeAir.local","pid":5569,"level":20,"msg":"Processed: \u001b[35m_posts/how-can-i-make-a-chain-of-function-decorators-in-python.md\u001b[39m","time":"2018-07-27T15:20:56.489Z","v":0}
{"name":"hexo","hostname":"codeAir.local","pid":5569,"level":20,"msg":"Processed: \u001b[35m_posts/reserved-traveled-to-france-reflets-taxi-alter-studio-and-other-textbooks.md\u001b[39m","time":"2018-07-27T15:20:56.529Z","v":0}
{"name":"hexo","hostname":"codeAir.local","pid":5569,"level":30,"msg":"Generating Baidu urls for last 3 posts","time":"2018-07-27T15:20:58.639Z","v":0}
{"name":"hexo","hostname":"codeAir.local","pid":5569,"level":30,"msg":"Posts urls generated in baidu_urls.txt\nhttps://blog.codewalker.me/2018/07/27/Knowing-Templates-in-Python/\nhttps://blog.codewalker.me/2018/07/25/download-pdf-with-asyncio-and-aiphttp/\nhttps://blog.codewalker.me/2018/07/23/let-t-your-site-fly/","time":"2018-07-27T15:20:58.652Z","v":0}
{"name":"hexo","hostname":"codeAir.local","pid":5569,"level":20,"msg":"Generator: \u001b[35mpage\u001b[39m","time":"2018-07-27T15:20:58.956Z","v":0}
{"name":"hexo","hostname":"codeAir.local","pid":5569,"level":20,"msg":"Generator: \u001b[35mpost\u001b[39m","time":"2018-07-27T15:20:58.956Z","v":0}
{"name":"hexo","hostname":"codeAir.local","pid":5569,"level":20,"msg":"Generator: \u001b[35mbaidu_url_generator\u001b[39m","time":"2018-07-27T15:20:58.956Z","v":0}
{"name":"hexo","hostname":"codeAir.local","pid":5569,"level":20,"msg":"Generator: \u001b[35marchive\u001b[39m","time":"2018-07-27T15:20:58.956Z","v":0}
{"name":"hexo","hostname":"codeAir.local","pid":5569,"level":20,"msg":"Generator: \u001b[35mbaidusitemap\u001b[39m","time":"2018-07-27T15:20:58.956Z","v":0}
{"name":"hexo","hostname":"codeAir.local","pid":5569,"level":20,"msg":"Generator: \u001b[35mcategory\u001b[39m","time":"2018-07-27T15:20:58.957Z","v":0}
{"name":"hexo","hostname":"codeAir.local","pid":5569,"level":20,"msg":"Generator: \u001b[35mfeed\u001b[39m","time":"2018-07-27T15:20:58.957Z","v":0}
{"name":"hexo","hostname":"codeAir.local","pid":5569,"level":20,"msg":"Generator: \u001b[35mindex\u001b[39m","time":"2018-07-27T15:20:58.957Z","v":0}
{"name":"hexo","hostname":"codeAir.local","pid":5569,"level":20,"msg":"Generator: \u001b[35mjson\u001b[39m","time":"2018-07-27T15:20:58.957Z","v":0}
{"name":"hexo","hostname":"codeAir.local","pid":5569,"level":20,"msg":"Generator: \u001b[35msitemap\u001b[39m","time":"2018-07-27T15:20:58.957Z","v":0}
{"name":"hexo","hostname":"codeAir.local","pid":5569,"level":20,"msg":"Generator: \u001b[35mtag\u001b[39m","time":"2018-07-27T15:20:58.957Z","v":0}
{"name":"hexo","hostname":"codeAir.local","pid":5569,"level":20,"msg":"Generator: \u001b[35masset\u001b[39m","time":"2018-07-27T15:20:58.958Z","v":0}
{"name":"hexo","hostname":"codeAir.local","pid":5569,"level":30,"msg":"Hexo is running at \u001b[4mhttp://localhost:4000/\u001b[24m. Press Ctrl+C to stop.","time":"2018-07-27T15:20:58.991Z","v":0}
{"name":"hexo","hostname":"codeAir.local","pid":5569,"level":20,"msg":"Database saved","time":"2018-07-27T15:20:59.089Z","v":0}
{"name":"hexo","hostname":"codeAir.local","pid":5569,"level":20,"msg":"Rendering index: \u001b[35mindex.html\u001b[39m","time":"2018-07-27T15:21:13.850Z","v":0}
{"name":"hexo","hostname":"codeAir.local","pid":5569,"level":20,"msg":"Rendering post: \u001b[35m2018/07/27/Knowing-Templates-in-Python/index.html\u001b[39m","time":"2018-07-27T15:21:19.590Z","v":0}
{"name":"hexo","hostname":"codeAir.local","pid":5569,"level":20,"msg":"Processed: \u001b[35m_drafts/Knowing-Templates-in-Python.md\u001b[39m","time":"2018-07-27T15:24:12.744Z","v":0}
{"name":"hexo","hostname":"codeAir.local","pid":5569,"level":30,"msg":"Generating Baidu urls for last 3 posts","time":"2018-07-27T15:24:13.250Z","v":0}
{"name":"hexo","hostname":"codeAir.local","pid":5569,"level":30,"msg":"Posts urls generated in baidu_urls.txt\nhttps://blog.codewalker.me/2018/07/27/Knowing-Templates-in-Python/\nhttps://blog.codewalker.me/2018/07/25/download-pdf-with-asyncio-and-aiphttp/\nhttps://blog.codewalker.me/2018/07/23/let-t-your-site-fly/","time":"2018-07-27T15:24:13.309Z","v":0}
{"name":"hexo","hostname":"codeAir.local","pid":5569,"level":20,"msg":"Generator: \u001b[35mpage\u001b[39m","time":"2018-07-27T15:24:13.605Z","v":0}
{"name":"hexo","hostname":"codeAir.local","pid":5569,"level":20,"msg":"Generator: \u001b[35mpost\u001b[39m","time":"2018-07-27T15:24:13.605Z","v":0}
{"name":"hexo","hostname":"codeAir.local","pid":5569,"level":20,"msg":"Generator: \u001b[35mbaidu_url_generator\u001b[39m","time":"2018-07-27T15:24:13.605Z","v":0}
{"name":"hexo","hostname":"codeAir.local","pid":5569,"level":20,"msg":"Generator: \u001b[35marchive\u001b[39m","time":"2018-07-27T15:24:13.605Z","v":0}
{"name":"hexo","hostname":"codeAir.local","pid":5569,"level":20,"msg":"Generator: \u001b[35mbaidusitemap\u001b[39m","time":"2018-07-27T15:24:13.606Z","v":0}
{"name":"hexo","hostname":"codeAir.local","pid":5569,"level":20,"msg":"Generator: \u001b[35mcategory\u001b[39m","time":"2018-07-27T15:24:13.606Z","v":0}
{"name":"hexo","hostname":"codeAir.local","pid":5569,"level":20,"msg":"Generator: \u001b[35mfeed\u001b[39m","time":"2018-07-27T15:24:13.606Z","v":0}
{"name":"hexo","hostname":"codeAir.local","pid":5569,"level":20,"msg":"Generator: \u001b[35mindex\u001b[39m","time":"2018-07-27T15:24:13.606Z","v":0}
{"name":"hexo","hostname":"codeAir.local","pid":5569,"level":20,"msg":"Generator: \u001b[35mjson\u001b[39m","time":"2018-07-27T15:24:13.606Z","v":0}
{"name":"hexo","hostname":"codeAir.local","pid":5569,"level":20,"msg":"Generator: \u001b[35msitemap\u001b[39m","time":"2018-07-27T15:24:13.606Z","v":0}
{"name":"hexo","hostname":"codeAir.local","pid":5569,"level":20,"msg":"Generator: \u001b[35mtag\u001b[39m","time":"2018-07-27T15:24:13.607Z","v":0}
{"name":"hexo","hostname":"codeAir.local","pid":5569,"level":20,"msg":"Generator: \u001b[35masset\u001b[39m","time":"2018-07-27T15:24:13.612Z","v":0}
{"name":"hexo","hostname":"codeAir.local","pid":5569,"level":20,"msg":"Rendering index: \u001b[35mindex.html\u001b[39m","time":"2018-07-27T15:24:16.408Z","v":0}
{"name":"hexo","hostname":"codeAir.local","pid":5569,"level":20,"msg":"Rendering post: \u001b[35m2018/07/27/Knowing-Templates-in-Python/index.html\u001b[39m","time":"2018-07-27T15:24:18.841Z","v":0}
{"name":"hexo","hostname":"codeAir.local","pid":5569,"level":20,"msg":"Processed: \u001b[35m_drafts/Knowing-Templates-in-Python.md\u001b[39m","time":"2018-07-27T15:24:57.469Z","v":0}
{"name":"hexo","hostname":"codeAir.local","pid":5569,"level":30,"msg":"Generating Baidu urls for last 3 posts","time":"2018-07-27T15:24:57.853Z","v":0}
{"name":"hexo","hostname":"codeAir.local","pid":5569,"level":30,"msg":"Posts urls generated in baidu_urls.txt\nhttps://blog.codewalker.me/2018/07/27/Knowing-Templates-in-Python/\nhttps://blog.codewalker.me/2018/07/25/download-pdf-with-asyncio-and-aiphttp/\nhttps://blog.codewalker.me/2018/07/23/let-t-your-site-fly/","time":"2018-07-27T15:24:57.890Z","v":0}
{"name":"hexo","hostname":"codeAir.local","pid":5569,"level":20,"msg":"Generator: \u001b[35mpage\u001b[39m","time":"2018-07-27T15:24:58.135Z","v":0}
{"name":"hexo","hostname":"codeAir.local","pid":5569,"level":20,"msg":"Generator: \u001b[35mpost\u001b[39m","time":"2018-07-27T15:24:58.135Z","v":0}
{"name":"hexo","hostname":"codeAir.local","pid":5569,"level":20,"msg":"Generator: \u001b[35mbaidu_url_generator\u001b[39m","time":"2018-07-27T15:24:58.135Z","v":0}
{"name":"hexo","hostname":"codeAir.local","pid":5569,"level":20,"msg":"Generator: \u001b[35marchive\u001b[39m","time":"2018-07-27T15:24:58.136Z","v":0}
{"name":"hexo","hostname":"codeAir.local","pid":5569,"level":20,"msg":"Generator: \u001b[35mbaidusitemap\u001b[39m","time":"2018-07-27T15:24:58.136Z","v":0}
{"name":"hexo","hostname":"codeAir.local","pid":5569,"level":20,"msg":"Generator: \u001b[35mcategory\u001b[39m","time":"2018-07-27T15:24:58.136Z","v":0}
{"name":"hexo","hostname":"codeAir.local","pid":5569,"level":20,"msg":"Generator: \u001b[35mfeed\u001b[39m","time":"2018-07-27T15:24:58.136Z","v":0}
{"name":"hexo","hostname":"codeAir.local","pid":5569,"level":20,"msg":"Generator: \u001b[35mindex\u001b[39m","time":"2018-07-27T15:24:58.136Z","v":0}
{"name":"hexo","hostname":"codeAir.local","pid":5569,"level":20,"msg":"Generator: \u001b[35mjson\u001b[39m","time":"2018-07-27T15:24:58.136Z","v":0}
{"name":"hexo","hostname":"codeAir.local","pid":5569,"level":20,"msg":"Generator: \u001b[35msitemap\u001b[39m","time":"2018-07-27T15:24:58.137Z","v":0}
{"name":"hexo","hostname":"codeAir.local","pid":5569,"level":20,"msg":"Generator: \u001b[35mtag\u001b[39m","time":"2018-07-27T15:24:58.137Z","v":0}
{"name":"hexo","hostname":"codeAir.local","pid":5569,"level":20,"msg":"Generator: \u001b[35masset\u001b[39m","time":"2018-07-27T15:24:58.138Z","v":0}
{"name":"hexo","hostname":"codeAir.local","pid":5569,"level":20,"msg":"Processed: \u001b[35m_drafts/Knowing-Templates-in-Python.md\u001b[39m","time":"2018-07-27T15:25:04.984Z","v":0}
{"name":"hexo","hostname":"codeAir.local","pid":5569,"level":30,"msg":"Generating Baidu urls for last 3 posts","time":"2018-07-27T15:25:05.315Z","v":0}
{"name":"hexo","hostname":"codeAir.local","pid":5569,"level":30,"msg":"Posts urls generated in baidu_urls.txt\nhttps://blog.codewalker.me/2018/07/27/Knowing-Templates-in-Python/\nhttps://blog.codewalker.me/2018/07/25/download-pdf-with-asyncio-and-aiphttp/\nhttps://blog.codewalker.me/2018/07/23/let-t-your-site-fly/","time":"2018-07-27T15:25:05.366Z","v":0}
{"name":"hexo","hostname":"codeAir.local","pid":5569,"level":20,"msg":"Generator: \u001b[35mpage\u001b[39m","time":"2018-07-27T15:25:05.582Z","v":0}
{"name":"hexo","hostname":"codeAir.local","pid":5569,"level":20,"msg":"Generator: \u001b[35mpost\u001b[39m","time":"2018-07-27T15:25:05.582Z","v":0}
{"name":"hexo","hostname":"codeAir.local","pid":5569,"level":20,"msg":"Generator: \u001b[35mbaidu_url_generator\u001b[39m","time":"2018-07-27T15:25:05.582Z","v":0}
{"name":"hexo","hostname":"codeAir.local","pid":5569,"level":20,"msg":"Generator: \u001b[35marchive\u001b[39m","time":"2018-07-27T15:25:05.582Z","v":0}
{"name":"hexo","hostname":"codeAir.local","pid":5569,"level":20,"msg":"Generator: \u001b[35mbaidusitemap\u001b[39m","time":"2018-07-27T15:25:05.582Z","v":0}
{"name":"hexo","hostname":"codeAir.local","pid":5569,"level":20,"msg":"Generator: \u001b[35mcategory\u001b[39m","time":"2018-07-27T15:25:05.583Z","v":0}
{"name":"hexo","hostname":"codeAir.local","pid":5569,"level":20,"msg":"Generator: \u001b[35mfeed\u001b[39m","time":"2018-07-27T15:25:05.583Z","v":0}
{"name":"hexo","hostname":"codeAir.local","pid":5569,"level":20,"msg":"Generator: \u001b[35mindex\u001b[39m","time":"2018-07-27T15:25:05.583Z","v":0}
{"name":"hexo","hostname":"codeAir.local","pid":5569,"level":20,"msg":"Generator: \u001b[35mjson\u001b[39m","time":"2018-07-27T15:25:05.583Z","v":0}
{"name":"hexo","hostname":"codeAir.local","pid":5569,"level":20,"msg":"Generator: \u001b[35msitemap\u001b[39m","time":"2018-07-27T15:25:05.583Z","v":0}
{"name":"hexo","hostname":"codeAir.local","pid":5569,"level":20,"msg":"Generator: \u001b[35mtag\u001b[39m","time":"2018-07-27T15:25:05.583Z","v":0}
{"name":"hexo","hostname":"codeAir.local","pid":5569,"level":20,"msg":"Generator: \u001b[35masset\u001b[39m","time":"2018-07-27T15:25:05.584Z","v":0}
{"name":"hexo","hostname":"codeAir.local","pid":5569,"level":20,"msg":"Rendering post: \u001b[35m2018/07/27/Knowing-Templates-in-Python/index.html\u001b[39m","time":"2018-07-27T15:25:08.717Z","v":0}
{"name":"hexo","hostname":"codeAir.local","pid":5569,"level":20,"msg":"Processed: \u001b[35m_drafts/Knowing-Templates-in-Python.md\u001b[39m","time":"2018-07-27T15:25:21.735Z","v":0}
{"name":"hexo","hostname":"codeAir.local","pid":5569,"level":30,"msg":"Generating Baidu urls for last 3 posts","time":"2018-07-27T15:25:22.098Z","v":0}
{"name":"hexo","hostname":"codeAir.local","pid":5569,"level":30,"msg":"Posts urls generated in baidu_urls.txt\nhttps://blog.codewalker.me/2018/07/27/Knowing-Templates-in-Python/\nhttps://blog.codewalker.me/2018/07/25/download-pdf-with-asyncio-and-aiphttp/\nhttps://blog.codewalker.me/2018/07/23/let-t-your-site-fly/","time":"2018-07-27T15:25:22.127Z","v":0}
{"name":"hexo","hostname":"codeAir.local","pid":5569,"level":20,"msg":"Generator: \u001b[35mpage\u001b[39m","time":"2018-07-27T15:25:22.349Z","v":0}
{"name":"hexo","hostname":"codeAir.local","pid":5569,"level":20,"msg":"Generator: \u001b[35mpost\u001b[39m","time":"2018-07-27T15:25:22.350Z","v":0}
{"name":"hexo","hostname":"codeAir.local","pid":5569,"level":20,"msg":"Generator: \u001b[35mbaidu_url_generator\u001b[39m","time":"2018-07-27T15:25:22.350Z","v":0}
{"name":"hexo","hostname":"codeAir.local","pid":5569,"level":20,"msg":"Generator: \u001b[35marchive\u001b[39m","time":"2018-07-27T15:25:22.350Z","v":0}
{"name":"hexo","hostname":"codeAir.local","pid":5569,"level":20,"msg":"Generator: \u001b[35mbaidusitemap\u001b[39m","time":"2018-07-27T15:25:22.350Z","v":0}
{"name":"hexo","hostname":"codeAir.local","pid":5569,"level":20,"msg":"Generator: \u001b[35mcategory\u001b[39m","time":"2018-07-27T15:25:22.350Z","v":0}
{"name":"hexo","hostname":"codeAir.local","pid":5569,"level":20,"msg":"Generator: \u001b[35mfeed\u001b[39m","time":"2018-07-27T15:25:22.350Z","v":0}
{"name":"hexo","hostname":"codeAir.local","pid":5569,"level":20,"msg":"Generator: \u001b[35mindex\u001b[39m","time":"2018-07-27T15:25:22.351Z","v":0}
{"name":"hexo","hostname":"codeAir.local","pid":5569,"level":20,"msg":"Generator: \u001b[35mjson\u001b[39m","time":"2018-07-27T15:25:22.351Z","v":0}
{"name":"hexo","hostname":"codeAir.local","pid":5569,"level":20,"msg":"Generator: \u001b[35msitemap\u001b[39m","time":"2018-07-27T15:25:22.351Z","v":0}
{"name":"hexo","hostname":"codeAir.local","pid":5569,"level":20,"msg":"Generator: \u001b[35mtag\u001b[39m","time":"2018-07-27T15:25:22.351Z","v":0}
{"name":"hexo","hostname":"codeAir.local","pid":5569,"level":20,"msg":"Generator: \u001b[35masset\u001b[39m","time":"2018-07-27T15:25:22.351Z","v":0}
{"name":"hexo","hostname":"codeAir.local","pid":5569,"level":20,"msg":"Rendering post: \u001b[35m2018/07/27/Knowing-Templates-in-Python/index.html\u001b[39m","time":"2018-07-27T15:25:26.756Z","v":0}
{"name":"hexo","hostname":"codeAir.local","pid":5569,"level":20,"msg":"Processed: \u001b[35m_drafts/Knowing-Templates-in-Python.md\u001b[39m","time":"2018-07-27T15:25:41.413Z","v":0}
{"name":"hexo","hostname":"codeAir.local","pid":5569,"level":30,"msg":"Generating Baidu urls for last 3 posts","time":"2018-07-27T15:25:41.786Z","v":0}
{"name":"hexo","hostname":"codeAir.local","pid":5569,"level":30,"msg":"Posts urls generated in baidu_urls.txt\nhttps://blog.codewalker.me/2018/07/27/Knowing-Templates-in-Python/\nhttps://blog.codewalker.me/2018/07/25/download-pdf-with-asyncio-and-aiphttp/\nhttps://blog.codewalker.me/2018/07/23/let-t-your-site-fly/","time":"2018-07-27T15:25:41.819Z","v":0}
{"name":"hexo","hostname":"codeAir.local","pid":5569,"level":20,"msg":"Generator: \u001b[35mpage\u001b[39m","time":"2018-07-27T15:25:42.045Z","v":0}
{"name":"hexo","hostname":"codeAir.local","pid":5569,"level":20,"msg":"Generator: \u001b[35mpost\u001b[39m","time":"2018-07-27T15:25:42.045Z","v":0}
{"name":"hexo","hostname":"codeAir.local","pid":5569,"level":20,"msg":"Generator: \u001b[35mbaidu_url_generator\u001b[39m","time":"2018-07-27T15:25:42.045Z","v":0}
{"name":"hexo","hostname":"codeAir.local","pid":5569,"level":20,"msg":"Generator: \u001b[35marchive\u001b[39m","time":"2018-07-27T15:25:42.046Z","v":0}
{"name":"hexo","hostname":"codeAir.local","pid":5569,"level":20,"msg":"Generator: \u001b[35mbaidusitemap\u001b[39m","time":"2018-07-27T15:25:42.046Z","v":0}
{"name":"hexo","hostname":"codeAir.local","pid":5569,"level":20,"msg":"Generator: \u001b[35mcategory\u001b[39m","time":"2018-07-27T15:25:42.046Z","v":0}
{"name":"hexo","hostname":"codeAir.local","pid":5569,"level":20,"msg":"Generator: \u001b[35mfeed\u001b[39m","time":"2018-07-27T15:25:42.046Z","v":0}
{"name":"hexo","hostname":"codeAir.local","pid":5569,"level":20,"msg":"Generator: \u001b[35mindex\u001b[39m","time":"2018-07-27T15:25:42.047Z","v":0}
{"name":"hexo","hostname":"codeAir.local","pid":5569,"level":20,"msg":"Generator: \u001b[35mjson\u001b[39m","time":"2018-07-27T15:25:42.047Z","v":0}
{"name":"hexo","hostname":"codeAir.local","pid":5569,"level":20,"msg":"Generator: \u001b[35msitemap\u001b[39m","time":"2018-07-27T15:25:42.047Z","v":0}
{"name":"hexo","hostname":"codeAir.local","pid":5569,"level":20,"msg":"Generator: \u001b[35mtag\u001b[39m","time":"2018-07-27T15:25:42.047Z","v":0}
{"name":"hexo","hostname":"codeAir.local","pid":5569,"level":20,"msg":"Generator: \u001b[35masset\u001b[39m","time":"2018-07-27T15:25:42.048Z","v":0}
{"name":"hexo","hostname":"codeAir.local","pid":5569,"level":30,"msg":"See you again","time":"2018-07-27T15:25:59.945Z","v":0}
{"name":"hexo","hostname":"codeAir.local","pid":5569,"level":20,"msg":"Database saved","time":"2018-07-27T15:26:00.141Z","v":0}
